[info ] InferredDependency.scala:22 Inferred dependencies Set(TsIdentLibrarySimple(node)) for TsIdentLibrarySimple(child-process-promise) [id => child-process-promise, phase => typescript, file => ../types/child-process-promise/index.d.ts] 
[debug] PhaseRunner.scala:84 Success [id => child-process-promise, phase => typescript] 
[info ] Phase1ReadTypescript.scala:171 Preprocessing TsHelperFile(InFile(/home/olvind/tmp/tso-cache/DefinitelyTyped/types/child-process-promise/index.d.ts),FromFolder(InFolder(/home/olvind/tmp/tso-cache/DefinitelyTyped/types/child-process-promise),TsIdentLibrarySimple(child-process-promise)),TsIdentModule(None,List(child-process-promise))) [id => child-process-promise, phase => typescript] 
[info ] InferredDefaultModule.scala:39 Inferred module TsIdentModule(None,List(child-process-promise)) [id => child-process-promise, phase => typescript] 
[warn ] Phase1ReadTypescript.scala:189 Processing TsIdentLibrarySimple(child-process-promise) [id => child-process-promise, phase => typescript] 
[info ] ExtractInterfaces.scala:41 Extracted anonymous interface TsIdentSimple(Anon_Buffer) [id => child-process-promise, phase => typescript, scope => TreeScope(TsParsedFile() / TsDeclModule(child-process-promise) / TsDeclFunction(exec) / TsFunSig() / TsFunParam() / TsTypeRef() / TsTypeIntersect() / TsTypeObject())] 
[info ] ExtractInterfaces.scala:41 Extracted anonymous interface TsIdentSimple(Anon_Encoding) [id => child-process-promise, phase => typescript, scope => TreeScope(TsParsedFile() / TsDeclModule(child-process-promise) / TsDeclFunction(exec) / TsFunSig() / TsFunParam() / TsTypeRef() / TsTypeIntersect() / TsTypeObject())] 
[info ] ExtractInterfaces.scala:41 Extracted anonymous interface TsIdentSimple(Anon_EncodingString) [id => child-process-promise, phase => typescript, scope => TreeScope(TsParsedFile() / TsDeclModule(child-process-promise) / TsDeclFunction(exec) / TsFunSig() / TsFunParam() / TsTypeRef() / TsTypeIntersect() / TsTypeObject())] 
[debug] PhaseRunner.scala:84 Success [id => child-process-promise, phase => typescript] 
[warn ] Phase2ToScalaJs.scala:42 Processing child-process-promise [id => child-process-promise, phase => scala.js] 
[error] PhaseRes.scala:76 Caught exception: transpose requires all collections have the same size [id => child-process-promise, phase => scala.js] java.lang.IllegalArgumentException: transpose requires all collections have the same size
	at scala.collection.generic.GenericTraversableTemplate.fail$1(GenericTraversableTemplate.scala:215)
	at scala.collection.generic.GenericTraversableTemplate.$anonfun$transpose$2(GenericTraversableTemplate.scala:227)
	at scala.collection.generic.GenericTraversableTemplate.$anonfun$transpose$2$adapted(GenericTraversableTemplate.scala:219)
	at scala.collection.immutable.List.foreach(List.scala:392)
	at scala.collection.generic.GenericTraversableTemplate.transpose(GenericTraversableTemplate.scala:219)
	at scala.collection.generic.GenericTraversableTemplate.transpose$(GenericTraversableTemplate.scala:211)
	at scala.collection.AbstractTraversable.transpose(Traversable.scala:108)
	at com.olvind.tso.scalajs.transforms.CombineOverloads$.asUnionType(CombineOverloads.scala:107)
	at com.olvind.tso.scalajs.transforms.CombineOverloads$.$anonfun$asUnionType$4(CombineOverloads.scala:107)
	at scala.collection.TraversableLike.$anonfun$map$1(TraversableLike.scala:237)
	at scala.collection.immutable.List.foreach(List.scala:392)
	at scala.collection.TraversableLike.map(TraversableLike.scala:237)
	at scala.collection.TraversableLike.map$(TraversableLike.scala:230)
	at scala.collection.immutable.List.map(List.scala:298)
	at com.olvind.tso.scalajs.transforms.CombineOverloads$.asUnionType(CombineOverloads.scala:107)
	at com.olvind.tso.scalajs.transforms.CombineOverloads$.$anonfun$combineSameErasureSameTypeParams$4(CombineOverloads.scala:58)
	at scala.collection.TraversableLike.$anonfun$map$1(TraversableLike.scala:237)
	at scala.collection.immutable.List.foreach(List.scala:392)
	at scala.collection.TraversableLike.map(TraversableLike.scala:237)
	at scala.collection.TraversableLike.map$(TraversableLike.scala:230)
	at scala.collection.immutable.List.map(List.scala:298)
	at com.olvind.tso.scalajs.transforms.CombineOverloads$.$anonfun$combineSameErasureSameTypeParams$3(CombineOverloads.scala:56)
	at scala.collection.TraversableLike.$anonfun$map$1(TraversableLike.scala:237)
	at scala.collection.immutable.List.foreach(List.scala:392)
	at scala.collection.TraversableLike.map(TraversableLike.scala:237)
	at scala.collection.TraversableLike.map$(TraversableLike.scala:230)
	at scala.collection.immutable.List.map(List.scala:298)
	at com.olvind.tso.scalajs.transforms.CombineOverloads$.combineSameErasureSameTypeParams(CombineOverloads.scala:54)
	at com.olvind.tso.scalajs.transforms.CombineOverloads$.combineSameErasure(CombineOverloads.scala:77)
	at com.olvind.tso.scalajs.transforms.CombineOverloads$.$anonfun$combineOverloads$2(CombineOverloads.scala:122)
	at scala.collection.TraversableLike.$anonfun$flatMap$1(TraversableLike.scala:244)
	at scala.collection.immutable.HashMap$HashMap1.foreach(HashMap.scala:234)
	at scala.collection.immutable.HashMap$HashTrieMap.foreach(HashMap.scala:465)
	at scala.collection.TraversableLike.flatMap(TraversableLike.scala:244)
	at scala.collection.TraversableLike.flatMap$(TraversableLike.scala:241)
	at scala.collection.AbstractTraversable.flatMap(Traversable.scala:108)
	at com.olvind.tso.scalajs.transforms.CombineOverloads$.combineOverloads(CombineOverloads.scala:123)
	at com.olvind.tso.scalajs.transforms.CombineOverloads$.enterModuleTree(CombineOverloads.scala:37)
	at com.olvind.tso.scalajs.TreeTransformation.visitModuleTree(TreeTransformation.scala:99)
	at com.olvind.tso.scalajs.TreeTransformation.visitContainerTree(TreeTransformation.scala:193)
	at com.olvind.tso.scalajs.TreeTransformation.visitTree(TreeTransformation.scala:206)
	at com.olvind.tso.scalajs.TreeTransformation.$anonfun$visitPackageTree$1(TreeTransformation.scala:123)
	at scala.collection.TraversableLike.$anonfun$map$1(TraversableLike.scala:237)
	at scala.collection.immutable.List.foreach(List.scala:392)
	at scala.collection.TraversableLike.map(TraversableLike.scala:237)
	at scala.collection.TraversableLike.map$(TraversableLike.scala:230)
	at scala.collection.immutable.List.map(List.scala:298)
	at com.olvind.tso.scalajs.TreeTransformation.visitPackageTree(TreeTransformation.scala:123)
	at com.olvind.tso.scalajs.TreeTransformation.visitContainerTree(TreeTransformation.scala:192)
	at com.olvind.tso.scalajs.TreeTransformation.visitTree(TreeTransformation.scala:206)
	at com.olvind.tso.scalajs.TreeTransformation.$anonfun$visitPackageTree$1(TreeTransformation.scala:123)
	at scala.collection.TraversableLike.$anonfun$map$1(TraversableLike.scala:237)
	at scala.collection.immutable.List.foreach(List.scala:392)
	at scala.collection.TraversableLike.map(TraversableLike.scala:237)
	at scala.collection.TraversableLike.map$(TraversableLike.scala:230)
	at scala.collection.immutable.List.map(List.scala:298)
	at com.olvind.tso.scalajs.TreeTransformation.visitPackageTree(TreeTransformation.scala:123)
	at com.olvind.tso.scalajs.TreeTransformation.visitContainerTree(TreeTransformation.scala:192)
	at com.olvind.tso.importer.Phase2ToScalaJs.$anonfun$apply$10(Phase2ToScalaJs.scala:55)
	at com.olvind.tso.importer.Phase2ToScalaJs.$anonfun$apply$15(Phase2ToScalaJs.scala:64)
	at scala.collection.LinearSeqOptimized.foldLeft(LinearSeqOptimized.scala:126)
	at scala.collection.LinearSeqOptimized.foldLeft$(LinearSeqOptimized.scala:122)
	at scala.collection.immutable.List.foldLeft(List.scala:89)
	at com.olvind.tso.importer.Phase2ToScalaJs.$anonfun$apply$2(Phase2ToScalaJs.scala:63)
	at com.olvind.tso.phases.PhaseRes.map(PhaseRes.scala:16)
	at com.olvind.tso.phases.PhaseRes.map$(PhaseRes.scala:14)
	at com.olvind.tso.phases.PhaseRes$Ok.map(PhaseRes.scala:30)
	at com.olvind.tso.importer.Phase2ToScalaJs.apply(Phase2ToScalaJs.scala:32)
	at com.olvind.tso.importer.Phase2ToScalaJs.apply(Phase2ToScalaJs.scala:13)
	at com.olvind.tso.phases.PhaseRunner$.$anonfun$doNext$5(PhaseRunner.scala:78)
	at com.olvind.tso.phases.PhaseRes$.attempt(PhaseRes.scala:71)
	at com.olvind.tso.phases.PhaseRunner$.$anonfun$doNext$4(PhaseRunner.scala:78)
	at com.olvind.tso.phases.PhaseRes.flatMap(PhaseRes.scala:23)
	at com.olvind.tso.phases.PhaseRes.flatMap$(PhaseRes.scala:21)
	at com.olvind.tso.phases.PhaseRes$Ok.flatMap(PhaseRes.scala:30)
	at com.olvind.tso.phases.PhaseRunner$.$anonfun$doNext$1(PhaseRunner.scala:78)
	at com.olvind.tso.phases.PhaseRunner$.$anonfun$doNext$1$adapted(PhaseRunner.scala:49)
	at com.olvind.tso.phases.PhaseCache.$anonfun$getOrElse$1(PhaseCache.scala:40)
	at scala.Option.foreach(Option.scala:274)
	at com.olvind.tso.phases.PhaseCache.getOrElse(PhaseCache.scala:39)
	at com.olvind.tso.phases.PhaseRunner$.doNext(PhaseRunner.scala:49)
	at com.olvind.tso.phases.PhaseRunner$.go(PhaseRunner.scala:30)
	at com.olvind.tso.phases.PhaseRunner$.$anonfun$doNext$1(PhaseRunner.scala:54)
	at com.olvind.tso.phases.PhaseRunner$.$anonfun$doNext$1$adapted(PhaseRunner.scala:49)
	at com.olvind.tso.phases.PhaseCache.$anonfun$getOrElse$1(PhaseCache.scala:40)
	at scala.Option.foreach(Option.scala:274)
	at com.olvind.tso.phases.PhaseCache.getOrElse(PhaseCache.scala:39)
	at com.olvind.tso.phases.PhaseRunner$.doNext(PhaseRunner.scala:49)
	at com.olvind.tso.phases.PhaseRunner$.go(PhaseRunner.scala:30)
	at com.olvind.tso.importer.Main.$anonfun$run$23(Main.scala:222)
	at scala.collection.parallel.AugmentedIterableIterator.map2combiner(RemainsIterator.scala:116)
	at scala.collection.parallel.AugmentedIterableIterator.map2combiner$(RemainsIterator.scala:113)
	at scala.collection.parallel.immutable.ParVector$ParVectorIterator.map2combiner(ParVector.scala:66)
	at scala.collection.parallel.ParIterableLike$Map.leaf(ParIterableLike.scala:1056)
	at scala.collection.parallel.Task.$anonfun$tryLeaf$1(Tasks.scala:53)
	at scala.runtime.java8.JFunction0$mcV$sp.apply(JFunction0$mcV$sp.java:23)
	at scala.util.control.Breaks$$anon$1.catchBreak(Breaks.scala:67)
	at scala.collection.parallel.Task.tryLeaf(Tasks.scala:56)
	at scala.collection.parallel.Task.tryLeaf$(Tasks.scala:50)
	at scala.collection.parallel.ParIterableLike$Map.tryLeaf(ParIterableLike.scala:1053)
	at scala.collection.parallel.AdaptiveWorkStealingTasks$WrappedTask.internal(Tasks.scala:170)
	at scala.collection.parallel.AdaptiveWorkStealingTasks$WrappedTask.internal$(Tasks.scala:157)
	at scala.collection.parallel.AdaptiveWorkStealingForkJoinTasks$WrappedTask.internal(Tasks.scala:440)
	at scala.collection.parallel.AdaptiveWorkStealingTasks$WrappedTask.compute(Tasks.scala:150)
	at scala.collection.parallel.AdaptiveWorkStealingTasks$WrappedTask.compute$(Tasks.scala:149)
	at scala.collection.parallel.AdaptiveWorkStealingForkJoinTasks$WrappedTask.compute(Tasks.scala:440)
	at java.base/java.util.concurrent.RecursiveAction.exec(RecursiveAction.java:189)
	at java.base/java.util.concurrent.ForkJoinTask.doExec(ForkJoinTask.java:290)
	at java.base/java.util.concurrent.ForkJoinPool$WorkQueue.topLevelExec(ForkJoinPool.java:1020)
	at java.base/java.util.concurrent.ForkJoinPool.scan(ForkJoinPool.java:1656)
	at java.base/java.util.concurrent.ForkJoinPool.runWorker(ForkJoinPool.java:1594)
	at java.base/java.util.concurrent.ForkJoinWorkerThread.run(ForkJoinWorkerThread.java:177)

[error] PhaseRunner.scala:88 Failure, [child-process-promise => java.lang.IllegalArgumentException: transpose requires all collections have the same size] [id => child-process-promise, phase => scala.js] 
[error] PhaseRunner.scala:88 Failure, [child-process-promise => java.lang.IllegalArgumentException: transpose requires all collections have the same size] [id => child-process-promise, phase => build] 
