[debug] PhaseRunner.scala:84 Success [id => cytoscape, phase => typescript] 
[info ] Phase1ReadTypescript.scala:171 Preprocessing TsHelperFile(InFile(/home/olvind/tmp/tso-cache/DefinitelyTyped/types/cytoscape/index.d.ts),FromFolder(InFolder(/home/olvind/tmp/tso-cache/DefinitelyTyped/types/cytoscape),TsIdentLibrarySimple(cytoscape)),TsIdentModule(None,List(cytoscape))) [id => cytoscape, phase => typescript] 
[info ] InferredDefaultModule.scala:39 Inferred module TsIdentModule(None,List(cytoscape)) [id => cytoscape, phase => typescript] 
[warn ] Phase1ReadTypescript.scala:189 Processing TsIdentLibrarySimple(cytoscape) [id => cytoscape, phase => typescript] 
[info ] ExtractInterfaces.scala:41 Extracted anonymous interface TsIdentSimple(Anon_H) [id => cytoscape, phase => typescript, scope => TreeScope(TsParsedFile() / TsDeclModule(cytoscape) / TsDeclInterface(CoreViewportManipulation) / TsMemberFunction(extent) / TsFunSig() / TsTypeObject())] 
[info ] ExtractInterfaces.scala:41 Extracted anonymous interface TsIdentSimple(Anon_Source) [id => cytoscape, phase => typescript, scope => TreeScope(TsParsedFile() / TsDeclModule(cytoscape) / TsDeclInterface(CollectionGraphManipulation) / TsMemberFunction(move) / TsFunSig() / TsFunParam() / TsTypeObject())] 
[info ] ExtractInterfaces.scala:41 Extracted anonymous interface TsIdentSimple(Anon_Parent) [id => cytoscape, phase => typescript, scope => TreeScope(TsParsedFile() / TsDeclModule(cytoscape) / TsDeclInterface(CollectionGraphManipulation) / TsMemberFunction(move) / TsFunSig() / TsFunParam() / TsTypeObject())] 
[info ] ExtractInterfaces.scala:41 Extracted anonymous interface TsIdentSimple(Anon_X) [id => cytoscape, phase => typescript, scope => TreeScope(TsParsedFile() / TsDeclModule(cytoscape) / TsDeclInterface(NodeSingularLayout) / TsMemberFunction(layoutDimensions) / TsFunSig() / TsTypeObject())] 
[info ] ExtractInterfaces.scala:41 Extracted anonymous interface TsIdentSimple(Anon_Both) [id => cytoscape, phase => typescript, scope => TreeScope(TsParsedFile() / TsDeclModule(cytoscape) / TsDeclInterface(CollectionBuildingFiltering) / TsMemberFunction(diff) / TsFunSig() / TsTypeObject())] 
[info ] ExtractInterfaces.scala:41 Extracted anonymous interface TsIdentSimple(Anon_Ele) [id => cytoscape, phase => typescript, scope => TreeScope(TsParsedFile() / TsDeclModule(cytoscape) / TsDeclInterface(CollectionBuildingFiltering) / TsMemberFunction(min) / TsFunSig() / TsTypeObject())] 
[info ] ExtractInterfaces.scala:41 Extracted anonymous interface TsIdentSimple(Anon_Ele) [id => cytoscape, phase => typescript, scope => TreeScope(TsParsedFile() / TsDeclModule(cytoscape) / TsDeclInterface(CollectionBuildingFiltering) / TsMemberFunction(max) / TsFunSig() / TsTypeObject())] 
[info ] ExtractInterfaces.scala:41 Extracted anonymous interface TsIdentSimple(Anon_Cut) [id => cytoscape, phase => typescript, scope => TreeScope(TsParsedFile() / TsDeclModule(cytoscape) / TsDeclInterface(CollectionAlgorithms) / TsMemberFunction(kargerStein) / TsFunSig() / TsTypeObject())] 
[info ] ExtractInterfaces.scala:41 Extracted anonymous interface TsIdentSimple(Anon_Weight) [id => cytoscape, phase => typescript, scope => TreeScope(TsParsedFile() / TsDeclModule(cytoscape) / TsDeclInterface(SortableNode) / TsMemberProperty(data) / TsTypeObject())] 
[info ] ExtractInterfaces.scala:41 Extracted anonymous interface TsIdentSimple(Anon_Col) [id => cytoscape, phase => typescript, scope => TreeScope(TsParsedFile() / TsDeclModule(cytoscape) / TsDeclInterface(GridLayoutOptions) / TsMemberFunction(position) / TsFunSig() / TsTypeObject())] 
[info ] ExtractInterfaces.scala:41 Extracted anonymous interface TsIdentSimple(Anon_Degree) [id => cytoscape, phase => typescript, scope => TreeScope(TsParsedFile() / TsDeclModule(cytoscape) / TsDeclInterface(ConcentricLayoutOptions) / TsMemberFunction(concentric) / TsFunSig() / TsFunParam() / TsTypeObject())] 
[info ] ExtractInterfaces.scala:41 Extracted anonymous interface TsIdentSimple(Anon_MaxDegree) [id => cytoscape, phase => typescript, scope => TreeScope(TsParsedFile() / TsDeclModule(cytoscape) / TsDeclInterface(ConcentricLayoutOptions) / TsMemberFunction(levelWidth) / TsFunSig() / TsFunParam() / TsTypeObject())] 
[info ] ExpandCallables.scala:48 Expanded union into 1 methods [id => cytoscape, phase => typescript, scope => TreeScope(TsParsedFile() / TsDeclModule(cytoscape) / TsDeclInterface(CollectionBuildingFiltering))] 
[info ] ExpandCallables.scala:48 Expanded u into 1 methods [id => cytoscape, phase => typescript, scope => TreeScope(TsParsedFile() / TsDeclModule(cytoscape) / TsDeclInterface(CollectionBuildingFiltering))] 
[info ] ExpandCallables.scala:48 Expanded add into 1 methods [id => cytoscape, phase => typescript, scope => TreeScope(TsParsedFile() / TsDeclModule(cytoscape) / TsDeclInterface(CollectionBuildingFiltering))] 
[info ] ExpandCallables.scala:48 Expanded + into 1 methods [id => cytoscape, phase => typescript, scope => TreeScope(TsParsedFile() / TsDeclModule(cytoscape) / TsDeclInterface(CollectionBuildingFiltering))] 
[info ] ExpandCallables.scala:48 Expanded or into 1 methods [id => cytoscape, phase => typescript, scope => TreeScope(TsParsedFile() / TsDeclModule(cytoscape) / TsDeclInterface(CollectionBuildingFiltering))] 
[info ] ExpandCallables.scala:48 Expanded | into 1 methods [id => cytoscape, phase => typescript, scope => TreeScope(TsParsedFile() / TsDeclModule(cytoscape) / TsDeclInterface(CollectionBuildingFiltering))] 
[info ] ExpandCallables.scala:48 Expanded difference into 1 methods [id => cytoscape, phase => typescript, scope => TreeScope(TsParsedFile() / TsDeclModule(cytoscape) / TsDeclInterface(CollectionBuildingFiltering))] 
[info ] ExpandCallables.scala:48 Expanded subtract into 1 methods [id => cytoscape, phase => typescript, scope => TreeScope(TsParsedFile() / TsDeclModule(cytoscape) / TsDeclInterface(CollectionBuildingFiltering))] 
[info ] ExpandCallables.scala:48 Expanded \\ into 1 methods [id => cytoscape, phase => typescript, scope => TreeScope(TsParsedFile() / TsDeclModule(cytoscape) / TsDeclInterface(CollectionBuildingFiltering))] 
[info ] ExpandCallables.scala:48 Expanded not into 1 methods [id => cytoscape, phase => typescript, scope => TreeScope(TsParsedFile() / TsDeclModule(cytoscape) / TsDeclInterface(CollectionBuildingFiltering))] 
[info ] ExpandCallables.scala:48 Expanded ! into 1 methods [id => cytoscape, phase => typescript, scope => TreeScope(TsParsedFile() / TsDeclModule(cytoscape) / TsDeclInterface(CollectionBuildingFiltering))] 
[info ] ExpandCallables.scala:48 Expanded relativeComplement into 1 methods [id => cytoscape, phase => typescript, scope => TreeScope(TsParsedFile() / TsDeclModule(cytoscape) / TsDeclInterface(CollectionBuildingFiltering))] 
[info ] ExpandCallables.scala:48 Expanded - into 1 methods [id => cytoscape, phase => typescript, scope => TreeScope(TsParsedFile() / TsDeclModule(cytoscape) / TsDeclInterface(CollectionBuildingFiltering))] 
[info ] ExpandCallables.scala:48 Expanded intersection into 1 methods [id => cytoscape, phase => typescript, scope => TreeScope(TsParsedFile() / TsDeclModule(cytoscape) / TsDeclInterface(CollectionBuildingFiltering))] 
[info ] ExpandCallables.scala:48 Expanded intersect into 1 methods [id => cytoscape, phase => typescript, scope => TreeScope(TsParsedFile() / TsDeclModule(cytoscape) / TsDeclInterface(CollectionBuildingFiltering))] 
[info ] ExpandCallables.scala:48 Expanded and into 1 methods [id => cytoscape, phase => typescript, scope => TreeScope(TsParsedFile() / TsDeclModule(cytoscape) / TsDeclInterface(CollectionBuildingFiltering))] 
[info ] ExpandCallables.scala:48 Expanded n into 1 methods [id => cytoscape, phase => typescript, scope => TreeScope(TsParsedFile() / TsDeclModule(cytoscape) / TsDeclInterface(CollectionBuildingFiltering))] 
[info ] ExpandCallables.scala:48 Expanded & into 1 methods [id => cytoscape, phase => typescript, scope => TreeScope(TsParsedFile() / TsDeclModule(cytoscape) / TsDeclInterface(CollectionBuildingFiltering))] 
[info ] ExpandCallables.scala:48 Expanded . into 1 methods [id => cytoscape, phase => typescript, scope => TreeScope(TsParsedFile() / TsDeclModule(cytoscape) / TsDeclInterface(CollectionBuildingFiltering))] 
[info ] ExpandCallables.scala:48 Expanded symmetricDifference into 1 methods [id => cytoscape, phase => typescript, scope => TreeScope(TsParsedFile() / TsDeclModule(cytoscape) / TsDeclInterface(CollectionBuildingFiltering))] 
[info ] ExpandCallables.scala:48 Expanded symdiff into 1 methods [id => cytoscape, phase => typescript, scope => TreeScope(TsParsedFile() / TsDeclModule(cytoscape) / TsDeclInterface(CollectionBuildingFiltering))] 
[info ] ExpandCallables.scala:48 Expanded xor into 1 methods [id => cytoscape, phase => typescript, scope => TreeScope(TsParsedFile() / TsDeclModule(cytoscape) / TsDeclInterface(CollectionBuildingFiltering))] 
[info ] ExpandCallables.scala:48 Expanded ^ into 1 methods [id => cytoscape, phase => typescript, scope => TreeScope(TsParsedFile() / TsDeclModule(cytoscape) / TsDeclInterface(CollectionBuildingFiltering))] 
[info ] ExpandCallables.scala:48 Expanded (+) into 1 methods [id => cytoscape, phase => typescript, scope => TreeScope(TsParsedFile() / TsDeclModule(cytoscape) / TsDeclInterface(CollectionBuildingFiltering))] 
[info ] ExpandCallables.scala:48 Expanded (-) into 1 methods [id => cytoscape, phase => typescript, scope => TreeScope(TsParsedFile() / TsDeclModule(cytoscape) / TsDeclInterface(CollectionBuildingFiltering))] 
[info ] ExpandCallables.scala:48 Expanded weight into 1 methods [id => cytoscape, phase => typescript, scope => TreeScope(TsParsedFile() / TsDeclModule(cytoscape) / TsDeclInterface(SearchFloydWarshallOptions))] 
[debug] PhaseRunner.scala:84 Success [id => cytoscape, phase => typescript] 
[warn ] Phase2ToScalaJs.scala:42 Processing cytoscape [id => cytoscape, phase => scala.js] 
[error] PhaseRes.scala:76 Caught exception: Cannot rename `Name(^)` [id => cytoscape, phase => scala.js] java.lang.RuntimeException: Cannot rename `Name(^)`
	at scala.sys.package$.error(package.scala:30)
	at com.olvind.tso.scalajs.Annotation$.renamedFrom(Annotation.scala:48)
	at com.olvind.tso.scalajs.FieldTree.renamed(tree.scala:122)
	at com.olvind.tso.scalajs.FieldTree.withSuffix(tree.scala:117)
	at com.olvind.tso.importer.ImportTree$.hack(ImportTree.scala:459)
	at com.olvind.tso.importer.ImportTree$.tsMemberProperty(ImportTree.scala:445)
	at com.olvind.tso.importer.ImportTree$.tsMember(ImportTree.scala:313)
	at com.olvind.tso.importer.ImportTree$.$anonfun$decl$7(ImportTree.scala:209)
	at scala.collection.TraversableLike.$anonfun$flatMap$1(TraversableLike.scala:244)
	at scala.collection.Iterator.foreach(Iterator.scala:941)
	at scala.collection.Iterator.foreach$(Iterator.scala:941)
	at scala.collection.AbstractIterator.foreach(Iterator.scala:1429)
	at scala.collection.IterableLike.foreach(IterableLike.scala:74)
	at scala.collection.IterableLike.foreach$(IterableLike.scala:73)
	at scala.collection.AbstractIterable.foreach(Iterable.scala:56)
	at scala.collection.TraversableLike.flatMap(TraversableLike.scala:244)
	at scala.collection.TraversableLike.flatMap$(TraversableLike.scala:241)
	at scala.collection.AbstractTraversable.flatMap(Traversable.scala:108)
	at com.olvind.tso.importer.ImportTree$.decl(ImportTree.scala:209)
	at com.olvind.tso.importer.ImportContainer$.$anonfun$apply$1(ImportContainer.scala:100)
	at scala.collection.TraversableLike.$anonfun$flatMap$1(TraversableLike.scala:244)
	at scala.collection.immutable.List.foreach(List.scala:392)
	at scala.collection.TraversableLike.flatMap(TraversableLike.scala:244)
	at scala.collection.TraversableLike.flatMap$(TraversableLike.scala:241)
	at scala.collection.immutable.List.flatMap(List.scala:355)
	at com.olvind.tso.importer.ImportContainer$.apply(ImportContainer.scala:100)
	at com.olvind.tso.importer.ImportTree$.decl(ImportTree.scala:66)
	at com.olvind.tso.importer.ImportContainer$.$anonfun$apply$1(ImportContainer.scala:100)
	at scala.collection.TraversableLike.$anonfun$flatMap$1(TraversableLike.scala:244)
	at scala.collection.immutable.List.foreach(List.scala:392)
	at scala.collection.TraversableLike.flatMap(TraversableLike.scala:244)
	at scala.collection.TraversableLike.flatMap$(TraversableLike.scala:241)
	at scala.collection.immutable.List.flatMap(List.scala:355)
	at com.olvind.tso.importer.ImportContainer$.apply(ImportContainer.scala:100)
	at com.olvind.tso.importer.ImportTree$.apply(ImportTree.scala:25)
	at com.olvind.tso.importer.Phase2ToScalaJs.$anonfun$apply$2(Phase2ToScalaJs.scala:63)
	at com.olvind.tso.phases.PhaseRes.map(PhaseRes.scala:16)
	at com.olvind.tso.phases.PhaseRes.map$(PhaseRes.scala:14)
	at com.olvind.tso.phases.PhaseRes$Ok.map(PhaseRes.scala:30)
	at com.olvind.tso.importer.Phase2ToScalaJs.apply(Phase2ToScalaJs.scala:32)
	at com.olvind.tso.importer.Phase2ToScalaJs.apply(Phase2ToScalaJs.scala:13)
	at com.olvind.tso.phases.PhaseRunner$.$anonfun$doNext$5(PhaseRunner.scala:78)
	at com.olvind.tso.phases.PhaseRes$.attempt(PhaseRes.scala:71)
	at com.olvind.tso.phases.PhaseRunner$.$anonfun$doNext$4(PhaseRunner.scala:78)
	at com.olvind.tso.phases.PhaseRes.flatMap(PhaseRes.scala:23)
	at com.olvind.tso.phases.PhaseRes.flatMap$(PhaseRes.scala:21)
	at com.olvind.tso.phases.PhaseRes$Ok.flatMap(PhaseRes.scala:30)
	at com.olvind.tso.phases.PhaseRunner$.$anonfun$doNext$1(PhaseRunner.scala:78)
	at com.olvind.tso.phases.PhaseRunner$.$anonfun$doNext$1$adapted(PhaseRunner.scala:49)
	at com.olvind.tso.phases.PhaseCache.$anonfun$getOrElse$1(PhaseCache.scala:40)
	at scala.Option.foreach(Option.scala:274)
	at com.olvind.tso.phases.PhaseCache.getOrElse(PhaseCache.scala:39)
	at com.olvind.tso.phases.PhaseRunner$.doNext(PhaseRunner.scala:49)
	at com.olvind.tso.phases.PhaseRunner$.go(PhaseRunner.scala:30)
	at com.olvind.tso.phases.PhaseRunner$.$anonfun$doNext$1(PhaseRunner.scala:54)
	at com.olvind.tso.phases.PhaseRunner$.$anonfun$doNext$1$adapted(PhaseRunner.scala:49)
	at com.olvind.tso.phases.PhaseCache.$anonfun$getOrElse$1(PhaseCache.scala:40)
	at scala.Option.foreach(Option.scala:274)
	at com.olvind.tso.phases.PhaseCache.getOrElse(PhaseCache.scala:39)
	at com.olvind.tso.phases.PhaseRunner$.doNext(PhaseRunner.scala:49)
	at com.olvind.tso.phases.PhaseRunner$.go(PhaseRunner.scala:30)
	at com.olvind.tso.importer.Main.$anonfun$run$23(Main.scala:222)
	at scala.collection.parallel.AugmentedIterableIterator.map2combiner(RemainsIterator.scala:116)
	at scala.collection.parallel.AugmentedIterableIterator.map2combiner$(RemainsIterator.scala:113)
	at scala.collection.parallel.immutable.ParVector$ParVectorIterator.map2combiner(ParVector.scala:66)
	at scala.collection.parallel.ParIterableLike$Map.leaf(ParIterableLike.scala:1056)
	at scala.collection.parallel.Task.$anonfun$tryLeaf$1(Tasks.scala:53)
	at scala.runtime.java8.JFunction0$mcV$sp.apply(JFunction0$mcV$sp.java:23)
	at scala.util.control.Breaks$$anon$1.catchBreak(Breaks.scala:67)
	at scala.collection.parallel.Task.tryLeaf(Tasks.scala:56)
	at scala.collection.parallel.Task.tryLeaf$(Tasks.scala:50)
	at scala.collection.parallel.ParIterableLike$Map.tryLeaf(ParIterableLike.scala:1053)
	at scala.collection.parallel.AdaptiveWorkStealingTasks$WrappedTask.internal(Tasks.scala:170)
	at scala.collection.parallel.AdaptiveWorkStealingTasks$WrappedTask.internal$(Tasks.scala:157)
	at scala.collection.parallel.AdaptiveWorkStealingForkJoinTasks$WrappedTask.internal(Tasks.scala:440)
	at scala.collection.parallel.AdaptiveWorkStealingTasks$WrappedTask.compute(Tasks.scala:150)
	at scala.collection.parallel.AdaptiveWorkStealingTasks$WrappedTask.compute$(Tasks.scala:149)
	at scala.collection.parallel.AdaptiveWorkStealingForkJoinTasks$WrappedTask.compute(Tasks.scala:440)
	at java.base/java.util.concurrent.RecursiveAction.exec(RecursiveAction.java:189)
	at java.base/java.util.concurrent.ForkJoinTask.doExec(ForkJoinTask.java:290)
	at java.base/java.util.concurrent.ForkJoinPool$WorkQueue.topLevelExec(ForkJoinPool.java:1020)
	at java.base/java.util.concurrent.ForkJoinPool.scan(ForkJoinPool.java:1656)
	at java.base/java.util.concurrent.ForkJoinPool.runWorker(ForkJoinPool.java:1594)
	at java.base/java.util.concurrent.ForkJoinWorkerThread.run(ForkJoinWorkerThread.java:177)

[error] PhaseRunner.scala:88 Failure, [cytoscape => java.lang.RuntimeException: Cannot rename `Name(^)`] [id => cytoscape, phase => scala.js] 
[error] PhaseRunner.scala:88 Failure, [cytoscape => java.lang.RuntimeException: Cannot rename `Name(^)`] [id => cytoscape, phase => build] 
