[debug] PhaseRunner.scala:84 Success [id => dhtmlxgantt, phase => typescript] 
[info ] Phase1ReadTypescript.scala:171 Preprocessing TsHelperFile(InFile(/home/olvind/tmp/tso-cache/DefinitelyTyped/types/dhtmlxgantt/index.d.ts),FromFolder(InFolder(/home/olvind/tmp/tso-cache/DefinitelyTyped/types/dhtmlxgantt),TsIdentLibrarySimple(dhtmlxgantt)),TsIdentModule(None,List(dhtmlxgantt))) [id => dhtmlxgantt, phase => typescript] 
[warn ] Phase1ReadTypescript.scala:189 Processing TsIdentLibrarySimple(dhtmlxgantt) [id => dhtmlxgantt, phase => typescript] 
[debug] PhaseRunner.scala:84 Success [id => dhtmlxgantt, phase => typescript] 
[warn ] Phase2ToScalaJs.scala:42 Processing dhtmlxgantt [id => dhtmlxgantt, phase => scala.js] 
[debug] PhaseRunner.scala:84 Success [id => dhtmlxgantt, phase => scala.js] 
[warn ] Phase3Compile.scala:206 Building dhtmlxgantt... [id => dhtmlxgantt, phase => build] 
[error] Phase3Compile.scala:225 [E] [E1] src/main/scala/typings/dhtmlxganttLib/ganttMod.scala:15:8
[E]      ganttMod is already defined as object ganttMod
[E]      L15: object ganttMod
[E]                  ^
[E] src/main/scala/typings/dhtmlxganttLib/ganttMod.scala: L15 [E1]
[E] Failed to compile 'dhtmlxgantt'
 [id => dhtmlxgantt, phase => build] 
[error] PhaseRunner.scala:88 Failure, [dhtmlxgantt => Compilation failed] [id => dhtmlxgantt, phase => build] 
[warn ] Npmjs.scala:108 Could't fetch metadata for TsIdentLibrarySimple(dhtmlxgantt) [id => dhtmlxgantt, phase => build] gigahorse.StatusError: Unexpected status: 404
	at gigahorse.StatusError$.apply(StatusError.scala:29)
	at gigahorse.support.okhttp.OkHandler.onStatusReceived(OkHandler.scala:26)
	at gigahorse.support.okhttp.OkHandler.onStatusReceived$(OkHandler.scala:23)
	at gigahorse.support.okhttp.OkHandler$FullOkHandler.onStatusReceived(OkHandler.scala:31)
	at gigahorse.support.okhttp.OkhClient$$anon$1.onResponse(OkhClient.scala:163)
	at okhttp3.RealCall$AsyncCall.execute(RealCall.java:141)
	at okhttp3.internal.NamedRunnable.run(NamedRunnable.java:32)
	at java.base/java.util.concurrent.ThreadPoolExecutor.runWorker(ThreadPoolExecutor.java:1128)
	at java.base/java.util.concurrent.ThreadPoolExecutor$Worker.run(ThreadPoolExecutor.java:628)
	at java.base/java.lang.Thread.run(Thread.java:834)

