[debug] PhaseRunner.scala:84 Success [id => intl-relativeformat, phase => typescript] 
[debug] PhaseRunner.scala:84 Success [id => intl-relativeformat, phase => typescript] 
[info ] Phase1ReadTypescript.scala:171 Preprocessing TsHelperFile(InFile(/home/olvind/tmp/tso-cache/npm/node_modules/intl-relativeformat/lib/index.d.ts),FromFolder(InFolder(/home/olvind/tmp/tso-cache/npm/node_modules/intl-relativeformat),TsIdentLibrarySimple(intl-relativeformat)),TsIdentModule(None,List(intl-relativeformat))) [id => intl-relativeformat, phase => typescript] 
[info ] InferredDefaultModule.scala:39 Inferred module TsIdentModule(None,List(intl-relativeformat)) [id => intl-relativeformat, phase => typescript] 
[info ] Phase1ReadTypescript.scala:171 Preprocessing TsHelperFile(InFile(/home/olvind/tmp/tso-cache/npm/node_modules/intl-relativeformat/lib/types.d.ts),FromFolder(InFolder(/home/olvind/tmp/tso-cache/npm/node_modules/intl-relativeformat),TsIdentLibrarySimple(intl-relativeformat)),TsIdentModule(None,List(intl-relativeformat, lib, types))) [id => intl-relativeformat, phase => typescript] 
[info ] InferredDefaultModule.scala:39 Inferred module TsIdentModule(None,List(intl-relativeformat, lib, types)) [id => intl-relativeformat, phase => typescript] 
[warn ] Phase1ReadTypescript.scala:189 Processing TsIdentLibrarySimple(intl-relativeformat) [id => intl-relativeformat, phase => typescript] 
[warn ] QualifyReferences.scala:32 Couldn't qualify IntlRelativeTimeFormat [id => intl-relativeformat, phase => typescript, scope => TreeScope(TsParsedFile() / TsDeclModule(intl-relativeformat) / TsGlobal() / TsDeclNamespace(Intl) / TsDeclVar(RelativeTimeFormat) / TsTypeRef())] 
[info ] ResolveTypeQueries.scala:139 Resolved TsTypeQuery(TsQIdent(List(TsIdentSimple(Date)))) [id => intl-relativeformat, phase => typescript, scope => TreeScope(TsParsedFile() / TsDeclModule(intl-relativeformat) / TsDeclInterface(IntlRelativeFormat) / TsMemberFunction(format) / TsFunSig() / TsFunParam() / TsTypeLookup() / TsTypeRef() / TsTypeQuery())] 
[info ] ExtractInterfaces.scala:41 Extracted anonymous interface TsIdentSimple(Anon_Now) [id => intl-relativeformat, phase => typescript, scope => TreeScope(TsParsedFile() / TsDeclModule(intl-relativeformat) / TsDeclInterface(IntlRelativeFormat) / TsMemberFunction(format) / TsFunSig() / TsFunParam() / TsTypeObject())] 
[info ] ExtractInterfaces.scala:41 Extracted anonymous interface TsIdentSimple(Anon_Locale) [id => intl-relativeformat, phase => typescript, scope => TreeScope(TsParsedFile() / TsDeclModule(intl-relativeformat) / TsDeclInterface(IntlRelativeFormat) / TsMemberFunction(resolvedOptions) / TsFunSig() / TsTypeObject())] 
[debug] PhaseRunner.scala:84 Success [id => intl-relativeformat, phase => typescript] 
[warn ] Phase2ToScalaJs.scala:42 Processing intl-relativeformat [id => intl-relativeformat, phase => scala.js] 
[info ] ImportType.scala:237 Failed type conversion: std.ConstructorParameters<std.DateConstructor>[0] [id => intl-relativeformat, phase => scala.js, scope => TreeScope(TsParsedFile() / TsDeclModule(intl-relativeformat) / TsDeclInterface(IntlRelativeFormat) / TsMemberFunction(format) / TsFunParam() / TsTypeLookup())] 
[info ] ImportType.scala:237 Failed type conversion: std.ConstructorParameters<std.DateConstructor>[0] [id => intl-relativeformat, phase => scala.js, scope => TreeScope(TsParsedFile() / TsDeclModule(intl-relativeformat) / TsDeclInterface(IntlRelativeFormat) / TsMemberFunction(format) / TsFunParam() / TsTypeLookup())] 
[debug] PhaseRunner.scala:84 Success [id => intl-relativeformat, phase => scala.js] 
[warn ] Phase3Compile.scala:206 Building intl-relativeformat... [id => intl-relativeformat, phase => build] 
[error] Phase3Compile.scala:225 [E] Unexpected error when compiling intl-relativeformat: 'key not found: object Global'
[E] Failed to compile 'intl-relativeformat'
 [id => intl-relativeformat, phase => build] 
[error] PhaseRunner.scala:88 Failure, [intl-relativeformat => Compilation failed] [id => intl-relativeformat, phase => build] 
