[debug] PhaseRunner.scala:84 Success [id => kamailio-kemi, phase => typescript] 
[info ] Phase1ReadTypescript.scala:171 Preprocessing TsHelperFile(InFile(/home/olvind/tmp/tso-cache/DefinitelyTyped/types/kamailio-kemi/index.d.ts),FromFolder(InFolder(/home/olvind/tmp/tso-cache/DefinitelyTyped/types/kamailio-kemi),TsIdentLibrarySimple(kamailio-kemi)),TsIdentModule(None,List(kamailio-kemi))) [id => kamailio-kemi, phase => typescript] 
[info ] InferredDefaultModule.scala:39 Inferred module TsIdentModule(None,List(kamailio-kemi)) [id => kamailio-kemi, phase => typescript] 
[warn ] Phase1ReadTypescript.scala:189 Processing TsIdentLibrarySimple(kamailio-kemi) [id => kamailio-kemi, phase => typescript] 
[warn ] ReplaceExports.scala:53 Dropping unexpected export in namespace TsExport(Comments(2),Named,TsExporteeNames(List((TsQIdent(List(TsIdentSimple(_debugger))),Some(TsIdentSimple(debugger))), (TsQIdent(List(TsIdentSimple(_enum))),Some(TsIdentSimple(enum)))),None)) [id => kamailio-kemi, phase => typescript, scope => TreeScope(TsParsedFile() / TsDeclModule(kamailio-kemi) / TsDeclNamespace(KamailioKemi))] 
[info ] ResolveTypeQueries.scala:139 Resolved TsTypeQuery(TsQIdent(List(TsIdentSimple(KamailioKemi)))) [id => kamailio-kemi, phase => typescript, scope => TreeScope(TsParsedFile() / TsDeclModule(kamailio-kemi) / TsGlobal() / TsDeclVar(KSR) / TsTypeQuery())] 
[warn ] ReplaceExports.scala:53 Dropping unexpected export in namespace TsExport(Comments(2),Named,TsExporteeNames(List((TsQIdent(List(TsIdentSimple(_debugger))),Some(TsIdentSimple(debugger))), (TsQIdent(List(TsIdentSimple(_enum))),Some(TsIdentSimple(enum)))),None)) [id => kamailio-kemi, phase => typescript, scope => TreeScope(TsParsedFile() / TsDeclModule(kamailio-kemi) / TsDeclNamespace(KamailioKemi))] 
[info ] ExtractInterfaces.scala:41 Extracted anonymous interface TsIdentSimple(Typeofpv) [id => kamailio-kemi, phase => typescript, scope => TreeScope(TsParsedFile() / TsDeclModule(kamailio-kemi) / TsGlobal() / TsDeclVar(KSR) / TsTypeObject() / TsMemberProperty(pv) / TsTypeObject())] 
[info ] ExtractInterfaces.scala:41 Extracted anonymous interface TsIdentSimple(Typeofhdr) [id => kamailio-kemi, phase => typescript, scope => TreeScope(TsParsedFile() / TsDeclModule(kamailio-kemi) / TsGlobal() / TsDeclVar(KSR) / TsTypeObject() / TsMemberProperty(hdr) / TsTypeObject())] 
[info ] ExtractInterfaces.scala:41 Extracted anonymous interface TsIdentSimple(Typeofx) [id => kamailio-kemi, phase => typescript, scope => TreeScope(TsParsedFile() / TsDeclModule(kamailio-kemi) / TsGlobal() / TsDeclVar(KSR) / TsTypeObject() / TsMemberProperty(x) / TsTypeObject())] 
[info ] ExtractInterfaces.scala:41 Extracted anonymous interface TsIdentSimple(Typeofacc) [id => kamailio-kemi, phase => typescript, scope => TreeScope(TsParsedFile() / TsDeclModule(kamailio-kemi) / TsGlobal() / TsDeclVar(KSR) / TsTypeObject() / TsMemberProperty(acc) / TsTypeObject())] 
[info ] ExtractInterfaces.scala:41 Extracted anonymous interface TsIdentSimple(Typeofacc_radius) [id => kamailio-kemi, phase => typescript, scope => TreeScope(TsParsedFile() / TsDeclModule(kamailio-kemi) / TsGlobal() / TsDeclVar(KSR) / TsTypeObject() / TsMemberProperty(acc_radius) / TsTypeObject())] 
[info ] ExtractInterfaces.scala:41 Extracted anonymous interface TsIdentSimple(Typeofalias_db) [id => kamailio-kemi, phase => typescript, scope => TreeScope(TsParsedFile() / TsDeclModule(kamailio-kemi) / TsGlobal() / TsDeclVar(KSR) / TsTypeObject() / TsMemberProperty(alias_db) / TsTypeObject())] 
[info ] ExtractInterfaces.scala:41 Extracted anonymous interface TsIdentSimple(Typeofapp_jsdt) [id => kamailio-kemi, phase => typescript, scope => TreeScope(TsParsedFile() / TsDeclModule(kamailio-kemi) / TsGlobal() / TsDeclVar(KSR) / TsTypeObject() / TsMemberProperty(app_jsdt) / TsTypeObject())] 
[info ] ExtractInterfaces.scala:41 Extracted anonymous interface TsIdentSimple(Typeofapp_lua) [id => kamailio-kemi, phase => typescript, scope => TreeScope(TsParsedFile() / TsDeclModule(kamailio-kemi) / TsGlobal() / TsDeclVar(KSR) / TsTypeObject() / TsMemberProperty(app_lua) / TsTypeObject())] 
[info ] ExtractInterfaces.scala:41 Extracted anonymous interface TsIdentSimple(Typeofapp_python) [id => kamailio-kemi, phase => typescript, scope => TreeScope(TsParsedFile() / TsDeclModule(kamailio-kemi) / TsGlobal() / TsDeclVar(KSR) / TsTypeObject() / TsMemberProperty(app_python) / TsTypeObject())] 
[info ] ExtractInterfaces.scala:41 Extracted anonymous interface TsIdentSimple(Typeofapp_python3) [id => kamailio-kemi, phase => typescript, scope => TreeScope(TsParsedFile() / TsDeclModule(kamailio-kemi) / TsGlobal() / TsDeclVar(KSR) / TsTypeObject() / TsMemberProperty(app_python3) / TsTypeObject())] 
[info ] ExtractInterfaces.scala:41 Extracted anonymous interface TsIdentSimple(Typeofapp_ruby) [id => kamailio-kemi, phase => typescript, scope => TreeScope(TsParsedFile() / TsDeclModule(kamailio-kemi) / TsGlobal() / TsDeclVar(KSR) / TsTypeObject() / TsMemberProperty(app_ruby) / TsTypeObject())] 
[info ] ExtractInterfaces.scala:41 Extracted anonymous interface TsIdentSimple(Typeofapp_sqlang) [id => kamailio-kemi, phase => typescript, scope => TreeScope(TsParsedFile() / TsDeclModule(kamailio-kemi) / TsGlobal() / TsDeclVar(KSR) / TsTypeObject() / TsMemberProperty(app_sqlang) / TsTypeObject())] 
[info ] ExtractInterfaces.scala:41 Extracted anonymous interface TsIdentSimple(Typeofasync) [id => kamailio-kemi, phase => typescript, scope => TreeScope(TsParsedFile() / TsDeclModule(kamailio-kemi) / TsGlobal() / TsDeclVar(KSR) / TsTypeObject() / TsMemberProperty(async) / TsTypeObject())] 
[info ] ExtractInterfaces.scala:41 Extracted anonymous interface TsIdentSimple(Typeofauth) [id => kamailio-kemi, phase => typescript, scope => TreeScope(TsParsedFile() / TsDeclModule(kamailio-kemi) / TsGlobal() / TsDeclVar(KSR) / TsTypeObject() / TsMemberProperty(auth) / TsTypeObject())] 
[info ] ExtractInterfaces.scala:41 Extracted anonymous interface TsIdentSimple(Typeofauth_db) [id => kamailio-kemi, phase => typescript, scope => TreeScope(TsParsedFile() / TsDeclModule(kamailio-kemi) / TsGlobal() / TsDeclVar(KSR) / TsTypeObject() / TsMemberProperty(auth_db) / TsTypeObject())] 
[info ] ExtractInterfaces.scala:41 Extracted anonymous interface TsIdentSimple(Typeofauth_ephemeral) [id => kamailio-kemi, phase => typescript, scope => TreeScope(TsParsedFile() / TsDeclModule(kamailio-kemi) / TsGlobal() / TsDeclVar(KSR) / TsTypeObject() / TsMemberProperty(auth_ephemeral) / TsTypeObject())] 
[info ] ExtractInterfaces.scala:41 Extracted anonymous interface TsIdentSimple(Typeofauth_radius) [id => kamailio-kemi, phase => typescript, scope => TreeScope(TsParsedFile() / TsDeclModule(kamailio-kemi) / TsGlobal() / TsDeclVar(KSR) / TsTypeObject() / TsMemberProperty(auth_radius) / TsTypeObject())] 
[info ] ExtractInterfaces.scala:41 Extracted anonymous interface TsIdentSimple(Typeofauth_xkeys) [id => kamailio-kemi, phase => typescript, scope => TreeScope(TsParsedFile() / TsDeclModule(kamailio-kemi) / TsGlobal() / TsDeclVar(KSR) / TsTypeObject() / TsMemberProperty(auth_xkeys) / TsTypeObject())] 
[info ] ExtractInterfaces.scala:41 Extracted anonymous interface TsIdentSimple(Typeofbenchmark) [id => kamailio-kemi, phase => typescript, scope => TreeScope(TsParsedFile() / TsDeclModule(kamailio-kemi) / TsGlobal() / TsDeclVar(KSR) / TsTypeObject() / TsMemberProperty(benchmark) / TsTypeObject())] 
[info ] ExtractInterfaces.scala:41 Extracted anonymous interface TsIdentSimple(Typeofblst) [id => kamailio-kemi, phase => typescript, scope => TreeScope(TsParsedFile() / TsDeclModule(kamailio-kemi) / TsGlobal() / TsDeclVar(KSR) / TsTypeObject() / TsMemberProperty(blst) / TsTypeObject())] 
[info ] ExtractInterfaces.scala:41 Extracted anonymous interface TsIdentSimple(Typeofcall_control) [id => kamailio-kemi, phase => typescript, scope => TreeScope(TsParsedFile() / TsDeclModule(kamailio-kemi) / TsGlobal() / TsDeclVar(KSR) / TsTypeObject() / TsMemberProperty(call_control) / TsTypeObject())] 
[info ] ExtractInterfaces.scala:41 Extracted anonymous interface TsIdentSimple(Typeofcfgutils) [id => kamailio-kemi, phase => typescript, scope => TreeScope(TsParsedFile() / TsDeclModule(kamailio-kemi) / TsGlobal() / TsDeclVar(KSR) / TsTypeObject() / TsMemberProperty(cfgutils) / TsTypeObject())] 
[info ] ExtractInterfaces.scala:41 Extracted anonymous interface TsIdentSimple(Typeofcnxcc) [id => kamailio-kemi, phase => typescript, scope => TreeScope(TsParsedFile() / TsDeclModule(kamailio-kemi) / TsGlobal() / TsDeclVar(KSR) / TsTypeObject() / TsMemberProperty(cnxcc) / TsTypeObject())] 
[info ] ExtractInterfaces.scala:41 Extracted anonymous interface TsIdentSimple(Typeofcorex) [id => kamailio-kemi, phase => typescript, scope => TreeScope(TsParsedFile() / TsDeclModule(kamailio-kemi) / TsGlobal() / TsDeclVar(KSR) / TsTypeObject() / TsMemberProperty(corex) / TsTypeObject())] 
[info ] ExtractInterfaces.scala:41 Extracted anonymous interface TsIdentSimple(Typeofcounters) [id => kamailio-kemi, phase => typescript, scope => TreeScope(TsParsedFile() / TsDeclModule(kamailio-kemi) / TsGlobal() / TsDeclVar(KSR) / TsTypeObject() / TsMemberProperty(counters) / TsTypeObject())] 
[info ] ExtractInterfaces.scala:41 Extracted anonymous interface TsIdentSimple(Typeofcrypto) [id => kamailio-kemi, phase => typescript, scope => TreeScope(TsParsedFile() / TsDeclModule(kamailio-kemi) / TsGlobal() / TsDeclVar(KSR) / TsTypeObject() / TsMemberProperty(crypto) / TsTypeObject())] 
[info ] ExtractInterfaces.scala:41 Extracted anonymous interface TsIdentSimple(Typeofdialog) [id => kamailio-kemi, phase => typescript, scope => TreeScope(TsParsedFile() / TsDeclModule(kamailio-kemi) / TsGlobal() / TsDeclVar(KSR) / TsTypeObject() / TsMemberProperty(dialog) / TsTypeObject())] 
[info ] ExtractInterfaces.scala:41 Extracted anonymous interface TsIdentSimple(Typeofdialplan) [id => kamailio-kemi, phase => typescript, scope => TreeScope(TsParsedFile() / TsDeclModule(kamailio-kemi) / TsGlobal() / TsDeclVar(KSR) / TsTypeObject() / TsMemberProperty(dialplan) / TsTypeObject())] 
[info ] ExtractInterfaces.scala:41 Extracted anonymous interface TsIdentSimple(Typeofdispatcher) [id => kamailio-kemi, phase => typescript, scope => TreeScope(TsParsedFile() / TsDeclModule(kamailio-kemi) / TsGlobal() / TsDeclVar(KSR) / TsTypeObject() / TsMemberProperty(dispatcher) / TsTypeObject())] 
[info ] ExtractInterfaces.scala:41 Extracted anonymous interface TsIdentSimple(Typeofdiversion) [id => kamailio-kemi, phase => typescript, scope => TreeScope(TsParsedFile() / TsDeclModule(kamailio-kemi) / TsGlobal() / TsDeclVar(KSR) / TsTypeObject() / TsMemberProperty(diversion) / TsTypeObject())] 
[info ] ExtractInterfaces.scala:41 Extracted anonymous interface TsIdentSimple(Typeofdmq) [id => kamailio-kemi, phase => typescript, scope => TreeScope(TsParsedFile() / TsDeclModule(kamailio-kemi) / TsGlobal() / TsDeclVar(KSR) / TsTypeObject() / TsMemberProperty(dmq) / TsTypeObject())] 
[info ] ExtractInterfaces.scala:41 Extracted anonymous interface TsIdentSimple(Typeofdomain) [id => kamailio-kemi, phase => typescript, scope => TreeScope(TsParsedFile() / TsDeclModule(kamailio-kemi) / TsGlobal() / TsDeclVar(KSR) / TsTypeObject() / TsMemberProperty(domain) / TsTypeObject())] 
[info ] ExtractInterfaces.scala:41 Extracted anonymous interface TsIdentSimple(Typeofdrouting) [id => kamailio-kemi, phase => typescript, scope => TreeScope(TsParsedFile() / TsDeclModule(kamailio-kemi) / TsGlobal() / TsDeclVar(KSR) / TsTypeObject() / TsMemberProperty(drouting) / TsTypeObject())] 
[info ] ExtractInterfaces.scala:41 Extracted anonymous interface TsIdentSimple(Typeofevapi) [id => kamailio-kemi, phase => typescript, scope => TreeScope(TsParsedFile() / TsDeclModule(kamailio-kemi) / TsGlobal() / TsDeclVar(KSR) / TsTypeObject() / TsMemberProperty(evapi) / TsTypeObject())] 
[info ] ExtractInterfaces.scala:41 Extracted anonymous interface TsIdentSimple(Typeofexec) [id => kamailio-kemi, phase => typescript, scope => TreeScope(TsParsedFile() / TsDeclModule(kamailio-kemi) / TsGlobal() / TsDeclVar(KSR) / TsTypeObject() / TsMemberProperty(exec) / TsTypeObject())] 
[info ] ExtractInterfaces.scala:41 Extracted anonymous interface TsIdentSimple(Typeofgeoip) [id => kamailio-kemi, phase => typescript, scope => TreeScope(TsParsedFile() / TsDeclModule(kamailio-kemi) / TsGlobal() / TsDeclVar(KSR) / TsTypeObject() / TsMemberProperty(geoip) / TsTypeObject())] 
[info ] ExtractInterfaces.scala:41 Extracted anonymous interface TsIdentSimple(Typeofgeoip2) [id => kamailio-kemi, phase => typescript, scope => TreeScope(TsParsedFile() / TsDeclModule(kamailio-kemi) / TsGlobal() / TsDeclVar(KSR) / TsTypeObject() / TsMemberProperty(geoip2) / TsTypeObject())] 
[info ] ExtractInterfaces.scala:41 Extracted anonymous interface TsIdentSimple(Typeofgroup) [id => kamailio-kemi, phase => typescript, scope => TreeScope(TsParsedFile() / TsDeclModule(kamailio-kemi) / TsGlobal() / TsDeclVar(KSR) / TsTypeObject() / TsMemberProperty(group) / TsTypeObject())] 
[info ] ExtractInterfaces.scala:41 Extracted anonymous interface TsIdentSimple(Typeofhtable) [id => kamailio-kemi, phase => typescript, scope => TreeScope(TsParsedFile() / TsDeclModule(kamailio-kemi) / TsGlobal() / TsDeclVar(KSR) / TsTypeObject() / TsMemberProperty(htable) / TsTypeObject())] 
[info ] ExtractInterfaces.scala:41 Extracted anonymous interface TsIdentSimple(Typeofhttp_async_client) [id => kamailio-kemi, phase => typescript, scope => TreeScope(TsParsedFile() / TsDeclModule(kamailio-kemi) / TsGlobal() / TsDeclVar(KSR) / TsTypeObject() / TsMemberProperty(http_async_client) / TsTypeObject())] 
[info ] ExtractInterfaces.scala:41 Extracted anonymous interface TsIdentSimple(Typeofhttp_client) [id => kamailio-kemi, phase => typescript, scope => TreeScope(TsParsedFile() / TsDeclModule(kamailio-kemi) / TsGlobal() / TsDeclVar(KSR) / TsTypeObject() / TsMemberProperty(http_client) / TsTypeObject())] 
[info ] ExtractInterfaces.scala:41 Extracted anonymous interface TsIdentSimple(Typeofimc) [id => kamailio-kemi, phase => typescript, scope => TreeScope(TsParsedFile() / TsDeclModule(kamailio-kemi) / TsGlobal() / TsDeclVar(KSR) / TsTypeObject() / TsMemberProperty(imc) / TsTypeObject())] 
[info ] ExtractInterfaces.scala:41 Extracted anonymous interface TsIdentSimple(Typeofipops) [id => kamailio-kemi, phase => typescript, scope => TreeScope(TsParsedFile() / TsDeclModule(kamailio-kemi) / TsGlobal() / TsDeclVar(KSR) / TsTypeObject() / TsMemberProperty(ipops) / TsTypeObject())] 
[info ] ExtractInterfaces.scala:41 Extracted anonymous interface TsIdentSimple(Typeofjansson) [id => kamailio-kemi, phase => typescript, scope => TreeScope(TsParsedFile() / TsDeclModule(kamailio-kemi) / TsGlobal() / TsDeclVar(KSR) / TsTypeObject() / TsMemberProperty(jansson) / TsTypeObject())] 
[info ] ExtractInterfaces.scala:41 Extracted anonymous interface TsIdentSimple(Typeofjsonrpcs) [id => kamailio-kemi, phase => typescript, scope => TreeScope(TsParsedFile() / TsDeclModule(kamailio-kemi) / TsGlobal() / TsDeclVar(KSR) / TsTypeObject() / TsMemberProperty(jsonrpcs) / TsTypeObject())] 
[info ] ExtractInterfaces.scala:41 Extracted anonymous interface TsIdentSimple(Typeofkeepalive) [id => kamailio-kemi, phase => typescript, scope => TreeScope(TsParsedFile() / TsDeclModule(kamailio-kemi) / TsGlobal() / TsDeclVar(KSR) / TsTypeObject() / TsMemberProperty(keepalive) / TsTypeObject())] 
[info ] ExtractInterfaces.scala:41 Extracted anonymous interface TsIdentSimple(Typeofkex) [id => kamailio-kemi, phase => typescript, scope => TreeScope(TsParsedFile() / TsDeclModule(kamailio-kemi) / TsGlobal() / TsDeclVar(KSR) / TsTypeObject() / TsMemberProperty(kex) / TsTypeObject())] 
[info ] ExtractInterfaces.scala:41 Extracted anonymous interface TsIdentSimple(Typeoflcr) [id => kamailio-kemi, phase => typescript, scope => TreeScope(TsParsedFile() / TsDeclModule(kamailio-kemi) / TsGlobal() / TsDeclVar(KSR) / TsTypeObject() / TsMemberProperty(lcr) / TsTypeObject())] 
[info ] ExtractInterfaces.scala:41 Extracted anonymous interface TsIdentSimple(Typeoflog_custom) [id => kamailio-kemi, phase => typescript, scope => TreeScope(TsParsedFile() / TsDeclModule(kamailio-kemi) / TsGlobal() / TsDeclVar(KSR) / TsTypeObject() / TsMemberProperty(log_custom) / TsTypeObject())] 
[info ] ExtractInterfaces.scala:41 Extracted anonymous interface TsIdentSimple(Typeoflog_systemd) [id => kamailio-kemi, phase => typescript, scope => TreeScope(TsParsedFile() / TsDeclModule(kamailio-kemi) / TsGlobal() / TsDeclVar(KSR) / TsTypeObject() / TsMemberProperty(log_systemd) / TsTypeObject())] 
[info ] ExtractInterfaces.scala:41 Extracted anonymous interface TsIdentSimple(Typeofmaxfwd) [id => kamailio-kemi, phase => typescript, scope => TreeScope(TsParsedFile() / TsDeclModule(kamailio-kemi) / TsGlobal() / TsDeclVar(KSR) / TsTypeObject() / TsMemberProperty(maxfwd) / TsTypeObject())] 
[info ] ExtractInterfaces.scala:41 Extracted anonymous interface TsIdentSimple(Typeofmediaproxy) [id => kamailio-kemi, phase => typescript, scope => TreeScope(TsParsedFile() / TsDeclModule(kamailio-kemi) / TsGlobal() / TsDeclVar(KSR) / TsTypeObject() / TsMemberProperty(mediaproxy) / TsTypeObject())] 
[info ] ExtractInterfaces.scala:41 Extracted anonymous interface TsIdentSimple(Typeofmisc_radius) [id => kamailio-kemi, phase => typescript, scope => TreeScope(TsParsedFile() / TsDeclModule(kamailio-kemi) / TsGlobal() / TsDeclVar(KSR) / TsTypeObject() / TsMemberProperty(misc_radius) / TsTypeObject())] 
[info ] ExtractInterfaces.scala:41 Extracted anonymous interface TsIdentSimple(Typeofmqueue) [id => kamailio-kemi, phase => typescript, scope => TreeScope(TsParsedFile() / TsDeclModule(kamailio-kemi) / TsGlobal() / TsDeclVar(KSR) / TsTypeObject() / TsMemberProperty(mqueue) / TsTypeObject())] 
[info ] ExtractInterfaces.scala:41 Extracted anonymous interface TsIdentSimple(Typeofmsilo) [id => kamailio-kemi, phase => typescript, scope => TreeScope(TsParsedFile() / TsDeclModule(kamailio-kemi) / TsGlobal() / TsDeclVar(KSR) / TsTypeObject() / TsMemberProperty(msilo) / TsTypeObject())] 
[info ] ExtractInterfaces.scala:41 Extracted anonymous interface TsIdentSimple(Typeofmsrp) [id => kamailio-kemi, phase => typescript, scope => TreeScope(TsParsedFile() / TsDeclModule(kamailio-kemi) / TsGlobal() / TsDeclVar(KSR) / TsTypeObject() / TsMemberProperty(msrp) / TsTypeObject())] 
[info ] ExtractInterfaces.scala:41 Extracted anonymous interface TsIdentSimple(Typeofmtree) [id => kamailio-kemi, phase => typescript, scope => TreeScope(TsParsedFile() / TsDeclModule(kamailio-kemi) / TsGlobal() / TsDeclVar(KSR) / TsTypeObject() / TsMemberProperty(mtree) / TsTypeObject())] 
[info ] ExtractInterfaces.scala:41 Extracted anonymous interface TsIdentSimple(Typeofnat_traversal) [id => kamailio-kemi, phase => typescript, scope => TreeScope(TsParsedFile() / TsDeclModule(kamailio-kemi) / TsGlobal() / TsDeclVar(KSR) / TsTypeObject() / TsMemberProperty(nat_traversal) / TsTypeObject())] 
[info ] ExtractInterfaces.scala:41 Extracted anonymous interface TsIdentSimple(Typeofnathelper) [id => kamailio-kemi, phase => typescript, scope => TreeScope(TsParsedFile() / TsDeclModule(kamailio-kemi) / TsGlobal() / TsDeclVar(KSR) / TsTypeObject() / TsMemberProperty(nathelper) / TsTypeObject())] 
[info ] ExtractInterfaces.scala:41 Extracted anonymous interface TsIdentSimple(Typeofndb_mongodb) [id => kamailio-kemi, phase => typescript, scope => TreeScope(TsParsedFile() / TsDeclModule(kamailio-kemi) / TsGlobal() / TsDeclVar(KSR) / TsTypeObject() / TsMemberProperty(ndb_mongodb) / TsTypeObject())] 
[info ] ExtractInterfaces.scala:41 Extracted anonymous interface TsIdentSimple(Typeofndb_redis) [id => kamailio-kemi, phase => typescript, scope => TreeScope(TsParsedFile() / TsDeclModule(kamailio-kemi) / TsGlobal() / TsDeclVar(KSR) / TsTypeObject() / TsMemberProperty(ndb_redis) / TsTypeObject())] 
[info ] ExtractInterfaces.scala:41 Extracted anonymous interface TsIdentSimple(Typeofpath) [id => kamailio-kemi, phase => typescript, scope => TreeScope(TsParsedFile() / TsDeclModule(kamailio-kemi) / TsGlobal() / TsDeclVar(KSR) / TsTypeObject() / TsMemberProperty(path) / TsTypeObject())] 
[info ] ExtractInterfaces.scala:41 Extracted anonymous interface TsIdentSimple(Typeofpdt) [id => kamailio-kemi, phase => typescript, scope => TreeScope(TsParsedFile() / TsDeclModule(kamailio-kemi) / TsGlobal() / TsDeclVar(KSR) / TsTypeObject() / TsMemberProperty(pdt) / TsTypeObject())] 
[info ] ExtractInterfaces.scala:41 Extracted anonymous interface TsIdentSimple(Typeofpermissions) [id => kamailio-kemi, phase => typescript, scope => TreeScope(TsParsedFile() / TsDeclModule(kamailio-kemi) / TsGlobal() / TsDeclVar(KSR) / TsTypeObject() / TsMemberProperty(permissions) / TsTypeObject())] 
[info ] ExtractInterfaces.scala:41 Extracted anonymous interface TsIdentSimple(Typeofphonenum) [id => kamailio-kemi, phase => typescript, scope => TreeScope(TsParsedFile() / TsDeclModule(kamailio-kemi) / TsGlobal() / TsDeclVar(KSR) / TsTypeObject() / TsMemberProperty(phonenum) / TsTypeObject())] 
[info ] ExtractInterfaces.scala:41 Extracted anonymous interface TsIdentSimple(Typeofpike) [id => kamailio-kemi, phase => typescript, scope => TreeScope(TsParsedFile() / TsDeclModule(kamailio-kemi) / TsGlobal() / TsDeclVar(KSR) / TsTypeObject() / TsMemberProperty(pike) / TsTypeObject())] 
[info ] ExtractInterfaces.scala:41 Extracted anonymous interface TsIdentSimple(Typeofpipelimit) [id => kamailio-kemi, phase => typescript, scope => TreeScope(TsParsedFile() / TsDeclModule(kamailio-kemi) / TsGlobal() / TsDeclVar(KSR) / TsTypeObject() / TsMemberProperty(pipelimit) / TsTypeObject())] 
[info ] ExtractInterfaces.scala:41 Extracted anonymous interface TsIdentSimple(Typeofprefix_route) [id => kamailio-kemi, phase => typescript, scope => TreeScope(TsParsedFile() / TsDeclModule(kamailio-kemi) / TsGlobal() / TsDeclVar(KSR) / TsTypeObject() / TsMemberProperty(prefix_route) / TsTypeObject())] 
[info ] ExtractInterfaces.scala:41 Extracted anonymous interface TsIdentSimple(Typeofpresence) [id => kamailio-kemi, phase => typescript, scope => TreeScope(TsParsedFile() / TsDeclModule(kamailio-kemi) / TsGlobal() / TsDeclVar(KSR) / TsTypeObject() / TsMemberProperty(presence) / TsTypeObject())] 
[info ] ExtractInterfaces.scala:41 Extracted anonymous interface TsIdentSimple(Typeofpresence_xml) [id => kamailio-kemi, phase => typescript, scope => TreeScope(TsParsedFile() / TsDeclModule(kamailio-kemi) / TsGlobal() / TsDeclVar(KSR) / TsTypeObject() / TsMemberProperty(presence_xml) / TsTypeObject())] 
[info ] ExtractInterfaces.scala:41 Extracted anonymous interface TsIdentSimple(Typeofpua) [id => kamailio-kemi, phase => typescript, scope => TreeScope(TsParsedFile() / TsDeclModule(kamailio-kemi) / TsGlobal() / TsDeclVar(KSR) / TsTypeObject() / TsMemberProperty(pua) / TsTypeObject())] 
[info ] ExtractInterfaces.scala:41 Extracted anonymous interface TsIdentSimple(Typeofpvx) [id => kamailio-kemi, phase => typescript, scope => TreeScope(TsParsedFile() / TsDeclModule(kamailio-kemi) / TsGlobal() / TsDeclVar(KSR) / TsTypeObject() / TsMemberProperty(pvx) / TsTypeObject())] 
[info ] ExtractInterfaces.scala:41 Extracted anonymous interface TsIdentSimple(Typeofrabbitmq) [id => kamailio-kemi, phase => typescript, scope => TreeScope(TsParsedFile() / TsDeclModule(kamailio-kemi) / TsGlobal() / TsDeclVar(KSR) / TsTypeObject() / TsMemberProperty(rabbitmq) / TsTypeObject())] 
[info ] ExtractInterfaces.scala:41 Extracted anonymous interface TsIdentSimple(Typeofregex) [id => kamailio-kemi, phase => typescript, scope => TreeScope(TsParsedFile() / TsDeclModule(kamailio-kemi) / TsGlobal() / TsDeclVar(KSR) / TsTypeObject() / TsMemberProperty(regex) / TsTypeObject())] 
[info ] ExtractInterfaces.scala:41 Extracted anonymous interface TsIdentSimple(Typeofregistrar) [id => kamailio-kemi, phase => typescript, scope => TreeScope(TsParsedFile() / TsDeclModule(kamailio-kemi) / TsGlobal() / TsDeclVar(KSR) / TsTypeObject() / TsMemberProperty(registrar) / TsTypeObject())] 
[info ] ExtractInterfaces.scala:41 Extracted anonymous interface TsIdentSimple(Typeofrls) [id => kamailio-kemi, phase => typescript, scope => TreeScope(TsParsedFile() / TsDeclModule(kamailio-kemi) / TsGlobal() / TsDeclVar(KSR) / TsTypeObject() / TsMemberProperty(rls) / TsTypeObject())] 
[info ] ExtractInterfaces.scala:41 Extracted anonymous interface TsIdentSimple(Typeofrr) [id => kamailio-kemi, phase => typescript, scope => TreeScope(TsParsedFile() / TsDeclModule(kamailio-kemi) / TsGlobal() / TsDeclVar(KSR) / TsTypeObject() / TsMemberProperty(rr) / TsTypeObject())] 
[info ] ExtractInterfaces.scala:41 Extracted anonymous interface TsIdentSimple(Typeofrtjson) [id => kamailio-kemi, phase => typescript, scope => TreeScope(TsParsedFile() / TsDeclModule(kamailio-kemi) / TsGlobal() / TsDeclVar(KSR) / TsTypeObject() / TsMemberProperty(rtjson) / TsTypeObject())] 
[info ] ExtractInterfaces.scala:41 Extracted anonymous interface TsIdentSimple(Typeofrtpengine) [id => kamailio-kemi, phase => typescript, scope => TreeScope(TsParsedFile() / TsDeclModule(kamailio-kemi) / TsGlobal() / TsDeclVar(KSR) / TsTypeObject() / TsMemberProperty(rtpengine) / TsTypeObject())] 
[info ] ExtractInterfaces.scala:41 Extracted anonymous interface TsIdentSimple(Typeofrtpproxy) [id => kamailio-kemi, phase => typescript, scope => TreeScope(TsParsedFile() / TsDeclModule(kamailio-kemi) / TsGlobal() / TsDeclVar(KSR) / TsTypeObject() / TsMemberProperty(rtpproxy) / TsTypeObject())] 
[info ] ExtractInterfaces.scala:41 Extracted anonymous interface TsIdentSimple(Typeofsanity) [id => kamailio-kemi, phase => typescript, scope => TreeScope(TsParsedFile() / TsDeclModule(kamailio-kemi) / TsGlobal() / TsDeclVar(KSR) / TsTypeObject() / TsMemberProperty(sanity) / TsTypeObject())] 
[info ] ExtractInterfaces.scala:41 Extracted anonymous interface TsIdentSimple(Typeofsca) [id => kamailio-kemi, phase => typescript, scope => TreeScope(TsParsedFile() / TsDeclModule(kamailio-kemi) / TsGlobal() / TsDeclVar(KSR) / TsTypeObject() / TsMemberProperty(sca) / TsTypeObject())] 
[info ] ExtractInterfaces.scala:41 Extracted anonymous interface TsIdentSimple(Typeofsdpops) [id => kamailio-kemi, phase => typescript, scope => TreeScope(TsParsedFile() / TsDeclModule(kamailio-kemi) / TsGlobal() / TsDeclVar(KSR) / TsTypeObject() / TsMemberProperty(sdpops) / TsTypeObject())] 
[info ] ExtractInterfaces.scala:41 Extracted anonymous interface TsIdentSimple(Typeofsipcapture) [id => kamailio-kemi, phase => typescript, scope => TreeScope(TsParsedFile() / TsDeclModule(kamailio-kemi) / TsGlobal() / TsDeclVar(KSR) / TsTypeObject() / TsMemberProperty(sipcapture) / TsTypeObject())] 
[info ] ExtractInterfaces.scala:41 Extracted anonymous interface TsIdentSimple(Typeofsipdump) [id => kamailio-kemi, phase => typescript, scope => TreeScope(TsParsedFile() / TsDeclModule(kamailio-kemi) / TsGlobal() / TsDeclVar(KSR) / TsTypeObject() / TsMemberProperty(sipdump) / TsTypeObject())] 
[info ] ExtractInterfaces.scala:41 Extracted anonymous interface TsIdentSimple(Typeofsipjson) [id => kamailio-kemi, phase => typescript, scope => TreeScope(TsParsedFile() / TsDeclModule(kamailio-kemi) / TsGlobal() / TsDeclVar(KSR) / TsTypeObject() / TsMemberProperty(sipjson) / TsTypeObject())] 
[info ] ExtractInterfaces.scala:41 Extracted anonymous interface TsIdentSimple(Typeofsiptrace) [id => kamailio-kemi, phase => typescript, scope => TreeScope(TsParsedFile() / TsDeclModule(kamailio-kemi) / TsGlobal() / TsDeclVar(KSR) / TsTypeObject() / TsMemberProperty(siptrace) / TsTypeObject())] 
[info ] ExtractInterfaces.scala:41 Extracted anonymous interface TsIdentSimple(Typeofsiputils) [id => kamailio-kemi, phase => typescript, scope => TreeScope(TsParsedFile() / TsDeclModule(kamailio-kemi) / TsGlobal() / TsDeclVar(KSR) / TsTypeObject() / TsMemberProperty(siputils) / TsTypeObject())] 
[info ] ExtractInterfaces.scala:41 Extracted anonymous interface TsIdentSimple(Typeofsl) [id => kamailio-kemi, phase => typescript, scope => TreeScope(TsParsedFile() / TsDeclModule(kamailio-kemi) / TsGlobal() / TsDeclVar(KSR) / TsTypeObject() / TsMemberProperty(sl) / TsTypeObject())] 
[info ] ExtractInterfaces.scala:41 Extracted anonymous interface TsIdentSimple(Typeofspeeddial) [id => kamailio-kemi, phase => typescript, scope => TreeScope(TsParsedFile() / TsDeclModule(kamailio-kemi) / TsGlobal() / TsDeclVar(KSR) / TsTypeObject() / TsMemberProperty(speeddial) / TsTypeObject())] 
[info ] ExtractInterfaces.scala:41 Extracted anonymous interface TsIdentSimple(Typeofsqlops) [id => kamailio-kemi, phase => typescript, scope => TreeScope(TsParsedFile() / TsDeclModule(kamailio-kemi) / TsGlobal() / TsDeclVar(KSR) / TsTypeObject() / TsMemberProperty(sqlops) / TsTypeObject())] 
[info ] ExtractInterfaces.scala:41 Extracted anonymous interface TsIdentSimple(Typeofss7ops) [id => kamailio-kemi, phase => typescript, scope => TreeScope(TsParsedFile() / TsDeclModule(kamailio-kemi) / TsGlobal() / TsDeclVar(KSR) / TsTypeObject() / TsMemberProperty(ss7ops) / TsTypeObject())] 
[info ] ExtractInterfaces.scala:41 Extracted anonymous interface TsIdentSimple(Typeofsst) [id => kamailio-kemi, phase => typescript, scope => TreeScope(TsParsedFile() / TsDeclModule(kamailio-kemi) / TsGlobal() / TsDeclVar(KSR) / TsTypeObject() / TsMemberProperty(sst) / TsTypeObject())] 
[info ] ExtractInterfaces.scala:41 Extracted anonymous interface TsIdentSimple(Typeofstatistics) [id => kamailio-kemi, phase => typescript, scope => TreeScope(TsParsedFile() / TsDeclModule(kamailio-kemi) / TsGlobal() / TsDeclVar(KSR) / TsTypeObject() / TsMemberProperty(statistics) / TsTypeObject())] 
[info ] ExtractInterfaces.scala:41 Extracted anonymous interface TsIdentSimple(Typeofstatsc) [id => kamailio-kemi, phase => typescript, scope => TreeScope(TsParsedFile() / TsDeclModule(kamailio-kemi) / TsGlobal() / TsDeclVar(KSR) / TsTypeObject() / TsMemberProperty(statsc) / TsTypeObject())] 
[info ] ExtractInterfaces.scala:41 Extracted anonymous interface TsIdentSimple(Typeofstatsd) [id => kamailio-kemi, phase => typescript, scope => TreeScope(TsParsedFile() / TsDeclModule(kamailio-kemi) / TsGlobal() / TsDeclVar(KSR) / TsTypeObject() / TsMemberProperty(statsd) / TsTypeObject())] 
[info ] ExtractInterfaces.scala:41 Extracted anonymous interface TsIdentSimple(Typeoftcpops) [id => kamailio-kemi, phase => typescript, scope => TreeScope(TsParsedFile() / TsDeclModule(kamailio-kemi) / TsGlobal() / TsDeclVar(KSR) / TsTypeObject() / TsMemberProperty(tcpops) / TsTypeObject())] 
[info ] ExtractInterfaces.scala:41 Extracted anonymous interface TsIdentSimple(Typeoftextops) [id => kamailio-kemi, phase => typescript, scope => TreeScope(TsParsedFile() / TsDeclModule(kamailio-kemi) / TsGlobal() / TsDeclVar(KSR) / TsTypeObject() / TsMemberProperty(textops) / TsTypeObject())] 
[info ] ExtractInterfaces.scala:41 Extracted anonymous interface TsIdentSimple(Typeoftextopsx) [id => kamailio-kemi, phase => typescript, scope => TreeScope(TsParsedFile() / TsDeclModule(kamailio-kemi) / TsGlobal() / TsDeclVar(KSR) / TsTypeObject() / TsMemberProperty(textopsx) / TsTypeObject())] 
[info ] ExtractInterfaces.scala:41 Extracted anonymous interface TsIdentSimple(Typeoftls) [id => kamailio-kemi, phase => typescript, scope => TreeScope(TsParsedFile() / TsDeclModule(kamailio-kemi) / TsGlobal() / TsDeclVar(KSR) / TsTypeObject() / TsMemberProperty(tls) / TsTypeObject())] 
[info ] ExtractInterfaces.scala:41 Extracted anonymous interface TsIdentSimple(Typeoftm) [id => kamailio-kemi, phase => typescript, scope => TreeScope(TsParsedFile() / TsDeclModule(kamailio-kemi) / TsGlobal() / TsDeclVar(KSR) / TsTypeObject() / TsMemberProperty(tm) / TsTypeObject())] 
[info ] ExtractInterfaces.scala:41 Extracted anonymous interface TsIdentSimple(Typeoftmrec) [id => kamailio-kemi, phase => typescript, scope => TreeScope(TsParsedFile() / TsDeclModule(kamailio-kemi) / TsGlobal() / TsDeclVar(KSR) / TsTypeObject() / TsMemberProperty(tmrec) / TsTypeObject())] 
[info ] ExtractInterfaces.scala:41 Extracted anonymous interface TsIdentSimple(Typeoftmx) [id => kamailio-kemi, phase => typescript, scope => TreeScope(TsParsedFile() / TsDeclModule(kamailio-kemi) / TsGlobal() / TsDeclVar(KSR) / TsTypeObject() / TsMemberProperty(tmx) / TsTypeObject())] 
[info ] ExtractInterfaces.scala:41 Extracted anonymous interface TsIdentSimple(Typeoftsilo) [id => kamailio-kemi, phase => typescript, scope => TreeScope(TsParsedFile() / TsDeclModule(kamailio-kemi) / TsGlobal() / TsDeclVar(KSR) / TsTypeObject() / TsMemberProperty(tsilo) / TsTypeObject())] 
[info ] ExtractInterfaces.scala:41 Extracted anonymous interface TsIdentSimple(Typeofuac) [id => kamailio-kemi, phase => typescript, scope => TreeScope(TsParsedFile() / TsDeclModule(kamailio-kemi) / TsGlobal() / TsDeclVar(KSR) / TsTypeObject() / TsMemberProperty(uac) / TsTypeObject())] 
[info ] ExtractInterfaces.scala:41 Extracted anonymous interface TsIdentSimple(Typeofuac_redirect) [id => kamailio-kemi, phase => typescript, scope => TreeScope(TsParsedFile() / TsDeclModule(kamailio-kemi) / TsGlobal() / TsDeclVar(KSR) / TsTypeObject() / TsMemberProperty(uac_redirect) / TsTypeObject())] 
[info ] ExtractInterfaces.scala:41 Extracted anonymous interface TsIdentSimple(Typeofuri_db) [id => kamailio-kemi, phase => typescript, scope => TreeScope(TsParsedFile() / TsDeclModule(kamailio-kemi) / TsGlobal() / TsDeclVar(KSR) / TsTypeObject() / TsMemberProperty(uri_db) / TsTypeObject())] 
[info ] ExtractInterfaces.scala:41 Extracted anonymous interface TsIdentSimple(Typeofuserblacklist) [id => kamailio-kemi, phase => typescript, scope => TreeScope(TsParsedFile() / TsDeclModule(kamailio-kemi) / TsGlobal() / TsDeclVar(KSR) / TsTypeObject() / TsMemberProperty(userblacklist) / TsTypeObject())] 
[info ] ExtractInterfaces.scala:41 Extracted anonymous interface TsIdentSimple(Typeofutils) [id => kamailio-kemi, phase => typescript, scope => TreeScope(TsParsedFile() / TsDeclModule(kamailio-kemi) / TsGlobal() / TsDeclVar(KSR) / TsTypeObject() / TsMemberProperty(utils) / TsTypeObject())] 
[info ] ExtractInterfaces.scala:41 Extracted anonymous interface TsIdentSimple(Typeofwebsocket) [id => kamailio-kemi, phase => typescript, scope => TreeScope(TsParsedFile() / TsDeclModule(kamailio-kemi) / TsGlobal() / TsDeclVar(KSR) / TsTypeObject() / TsMemberProperty(websocket) / TsTypeObject())] 
[info ] ExtractInterfaces.scala:41 Extracted anonymous interface TsIdentSimple(Typeofxcap_server) [id => kamailio-kemi, phase => typescript, scope => TreeScope(TsParsedFile() / TsDeclModule(kamailio-kemi) / TsGlobal() / TsDeclVar(KSR) / TsTypeObject() / TsMemberProperty(xcap_server) / TsTypeObject())] 
[info ] ExtractInterfaces.scala:41 Extracted anonymous interface TsIdentSimple(Typeofxhttp) [id => kamailio-kemi, phase => typescript, scope => TreeScope(TsParsedFile() / TsDeclModule(kamailio-kemi) / TsGlobal() / TsDeclVar(KSR) / TsTypeObject() / TsMemberProperty(xhttp) / TsTypeObject())] 
[info ] ExtractInterfaces.scala:41 Extracted anonymous interface TsIdentSimple(Typeofxhttp_pi) [id => kamailio-kemi, phase => typescript, scope => TreeScope(TsParsedFile() / TsDeclModule(kamailio-kemi) / TsGlobal() / TsDeclVar(KSR) / TsTypeObject() / TsMemberProperty(xhttp_pi) / TsTypeObject())] 
[info ] ExtractInterfaces.scala:41 Extracted anonymous interface TsIdentSimple(Typeofxhttp_rpc) [id => kamailio-kemi, phase => typescript, scope => TreeScope(TsParsedFile() / TsDeclModule(kamailio-kemi) / TsGlobal() / TsDeclVar(KSR) / TsTypeObject() / TsMemberProperty(xhttp_rpc) / TsTypeObject())] 
[info ] ExtractInterfaces.scala:41 Extracted anonymous interface TsIdentSimple(Typeofxlog) [id => kamailio-kemi, phase => typescript, scope => TreeScope(TsParsedFile() / TsDeclModule(kamailio-kemi) / TsGlobal() / TsDeclVar(KSR) / TsTypeObject() / TsMemberProperty(xlog) / TsTypeObject())] 
[info ] ExtractInterfaces.scala:41 Extracted anonymous interface TsIdentSimple(Typeofxmlrpc) [id => kamailio-kemi, phase => typescript, scope => TreeScope(TsParsedFile() / TsDeclModule(kamailio-kemi) / TsGlobal() / TsDeclVar(KSR) / TsTypeObject() / TsMemberProperty(xmlrpc) / TsTypeObject())] 
[info ] ExtractInterfaces.scala:41 Extracted anonymous interface TsIdentSimple(Typeof_debugger) [id => kamailio-kemi, phase => typescript, scope => TreeScope(TsParsedFile() / TsDeclModule(kamailio-kemi) / TsGlobal() / TsDeclVar(KSR) / TsTypeObject() / TsMemberProperty(_debugger) / TsTypeObject())] 
[info ] ExtractInterfaces.scala:41 Extracted anonymous interface TsIdentSimple(Typeof_enum) [id => kamailio-kemi, phase => typescript, scope => TreeScope(TsParsedFile() / TsDeclModule(kamailio-kemi) / TsGlobal() / TsDeclVar(KSR) / TsTypeObject() / TsMemberProperty(_enum) / TsTypeObject())] 
[debug] PhaseRunner.scala:84 Success [id => kamailio-kemi, phase => typescript] 
[warn ] Phase2ToScalaJs.scala:42 Processing kamailio-kemi [id => kamailio-kemi, phase => scala.js] 
[debug] PhaseRunner.scala:84 Success [id => kamailio-kemi, phase => scala.js] 
[warn ] Phase3Compile.scala:206 Building kamailio-kemi... [id => kamailio-kemi, phase => build] 
[warn ] Npmjs.scala:108 Could't fetch metadata for TsIdentLibrarySimple(kamailio-kemi) [id => kamailio-kemi, phase => build] gigahorse.StatusError: Unexpected status: 404
	at gigahorse.StatusError$.apply(StatusError.scala:29)
	at gigahorse.support.okhttp.OkHandler.onStatusReceived(OkHandler.scala:26)
	at gigahorse.support.okhttp.OkHandler.onStatusReceived$(OkHandler.scala:23)
	at gigahorse.support.okhttp.OkHandler$FullOkHandler.onStatusReceived(OkHandler.scala:31)
	at gigahorse.support.okhttp.OkhClient$$anon$1.onResponse(OkhClient.scala:163)
	at okhttp3.RealCall$AsyncCall.execute(RealCall.java:141)
	at okhttp3.internal.NamedRunnable.run(NamedRunnable.java:32)
	at java.base/java.util.concurrent.ThreadPoolExecutor.runWorker(ThreadPoolExecutor.java:1128)
	at java.base/java.util.concurrent.ThreadPoolExecutor$Worker.run(ThreadPoolExecutor.java:628)
	at java.base/java.lang.Thread.run(Thread.java:834)

[error] Phase3Compile.scala:225 [E] Unexpected error when compiling kamailio-kemi: 'key not found: object Global'
[E] Failed to compile 'kamailio-kemi'
 [id => kamailio-kemi, phase => build] 
[error] PhaseRunner.scala:88 Failure, [kamailio-kemi => Compilation failed] [id => kamailio-kemi, phase => build] 
