[debug] PhaseRunner.scala:92 Ignored [id => @storybook/api, phase => typescript] 
[debug] PhaseRunner.scala:92 Ignored [id => @storybook/api, phase => typescript] 
[debug] PhaseRunner.scala:84 Success [id => @storybook/api, phase => typescript] 
[debug] PhaseRunner.scala:84 Success [id => @storybook/api, phase => typescript] 
[debug] PhaseRunner.scala:84 Success [id => @storybook/api, phase => typescript] 
[debug] PhaseRunner.scala:84 Success [id => @storybook/api, phase => typescript] 
[debug] PhaseRunner.scala:84 Success [id => @storybook/api, phase => typescript] 
[debug] PhaseRunner.scala:84 Success [id => @storybook/api, phase => typescript] 
[debug] PhaseRunner.scala:84 Success [id => @storybook/api, phase => typescript] 
[debug] PhaseRunner.scala:84 Success [id => @storybook/api, phase => typescript] 
[debug] PhaseRunner.scala:84 Success [id => @storybook/api, phase => typescript] 
[debug] PhaseRunner.scala:84 Success [id => @storybook/api, phase => typescript] 
[debug] PhaseRunner.scala:84 Success [id => @storybook/api, phase => typescript] 
[debug] PhaseRunner.scala:84 Success [id => @storybook/api, phase => typescript] 
[info ] Phase1ReadTypescript.scala:171 Preprocessing TsHelperFile(InFile(/home/olvind/tmp/tso-cache/npm/node_modules/@storybook/api/dist/index.d.ts),FromFolder(InFolder(/home/olvind/tmp/tso-cache/npm/node_modules/@storybook/api),TsIdentLibraryScoped(storybook,Some(api))),TsIdentModule(Some(storybook),List(api, dist))) [id => @storybook/api, phase => typescript] 
[info ] InferredDefaultModule.scala:39 Inferred module TsIdentModule(Some(storybook),List(api, dist)) [id => @storybook/api, phase => typescript] 
[info ] Phase1ReadTypescript.scala:171 Preprocessing TsHelperFile(InFile(/home/olvind/tmp/tso-cache/npm/node_modules/@storybook/api/dist/init-provider-api.d.ts),FromFolder(InFolder(/home/olvind/tmp/tso-cache/npm/node_modules/@storybook/api),TsIdentLibraryScoped(storybook,Some(api))),TsIdentModule(Some(storybook),List(api, dist, init-provider-api))) [id => @storybook/api, phase => typescript] 
[info ] InferredDefaultModule.scala:39 Inferred module TsIdentModule(Some(storybook),List(api, dist, init-provider-api)) [id => @storybook/api, phase => typescript] 
[info ] Phase1ReadTypescript.scala:171 Preprocessing TsHelperFile(InFile(/home/olvind/tmp/tso-cache/npm/node_modules/@storybook/api/dist/modules/addons.d.ts),FromFolder(InFolder(/home/olvind/tmp/tso-cache/npm/node_modules/@storybook/api),TsIdentLibraryScoped(storybook,Some(api))),TsIdentModule(Some(storybook),List(api, dist, modules, addons))) [id => @storybook/api, phase => typescript] 
[info ] InferredDefaultModule.scala:39 Inferred module TsIdentModule(Some(storybook),List(api, dist, modules, addons)) [id => @storybook/api, phase => typescript] 
[info ] Phase1ReadTypescript.scala:171 Preprocessing TsHelperFile(InFile(/home/olvind/tmp/tso-cache/npm/node_modules/@storybook/api/dist/modules/channel.d.ts),FromFolder(InFolder(/home/olvind/tmp/tso-cache/npm/node_modules/@storybook/api),TsIdentLibraryScoped(storybook,Some(api))),TsIdentModule(Some(storybook),List(api, dist, modules, channel))) [id => @storybook/api, phase => typescript] 
[info ] InferredDefaultModule.scala:39 Inferred module TsIdentModule(Some(storybook),List(api, dist, modules, channel)) [id => @storybook/api, phase => typescript] 
[info ] Phase1ReadTypescript.scala:171 Preprocessing TsHelperFile(InFile(/home/olvind/tmp/tso-cache/npm/node_modules/@storybook/api/dist/modules/layout.d.ts),FromFolder(InFolder(/home/olvind/tmp/tso-cache/npm/node_modules/@storybook/api),TsIdentLibraryScoped(storybook,Some(api))),TsIdentModule(Some(storybook),List(api, dist, modules, layout))) [id => @storybook/api, phase => typescript] 
[info ] InferredDefaultModule.scala:39 Inferred module TsIdentModule(Some(storybook),List(api, dist, modules, layout)) [id => @storybook/api, phase => typescript] 
[info ] Phase1ReadTypescript.scala:171 Preprocessing TsHelperFile(InFile(/home/olvind/tmp/tso-cache/npm/node_modules/@storybook/api/dist/modules/notifications.d.ts),FromFolder(InFolder(/home/olvind/tmp/tso-cache/npm/node_modules/@storybook/api),TsIdentLibraryScoped(storybook,Some(api))),TsIdentModule(Some(storybook),List(api, dist, modules, notifications))) [id => @storybook/api, phase => typescript] 
[info ] InferredDefaultModule.scala:39 Inferred module TsIdentModule(Some(storybook),List(api, dist, modules, notifications)) [id => @storybook/api, phase => typescript] 
[info ] Phase1ReadTypescript.scala:171 Preprocessing TsHelperFile(InFile(/home/olvind/tmp/tso-cache/npm/node_modules/@storybook/api/dist/modules/shortcuts.d.ts),FromFolder(InFolder(/home/olvind/tmp/tso-cache/npm/node_modules/@storybook/api),TsIdentLibraryScoped(storybook,Some(api))),TsIdentModule(Some(storybook),List(api, dist, modules, shortcuts))) [id => @storybook/api, phase => typescript] 
[info ] InferredDefaultModule.scala:39 Inferred module TsIdentModule(Some(storybook),List(api, dist, modules, shortcuts)) [id => @storybook/api, phase => typescript] 
[info ] Phase1ReadTypescript.scala:171 Preprocessing TsHelperFile(InFile(/home/olvind/tmp/tso-cache/npm/node_modules/@storybook/api/dist/modules/stories.d.ts),FromFolder(InFolder(/home/olvind/tmp/tso-cache/npm/node_modules/@storybook/api),TsIdentLibraryScoped(storybook,Some(api))),TsIdentModule(Some(storybook),List(api, dist, modules, stories))) [id => @storybook/api, phase => typescript] 
[info ] InferredDefaultModule.scala:39 Inferred module TsIdentModule(Some(storybook),List(api, dist, modules, stories)) [id => @storybook/api, phase => typescript] 
[info ] Phase1ReadTypescript.scala:171 Preprocessing TsHelperFile(InFile(/home/olvind/tmp/tso-cache/npm/node_modules/@storybook/api/dist/modules/url.d.ts),FromFolder(InFolder(/home/olvind/tmp/tso-cache/npm/node_modules/@storybook/api),TsIdentLibraryScoped(storybook,Some(api))),TsIdentModule(Some(storybook),List(api, dist, modules, url))) [id => @storybook/api, phase => typescript] 
[info ] InferredDefaultModule.scala:39 Inferred module TsIdentModule(Some(storybook),List(api, dist, modules, url)) [id => @storybook/api, phase => typescript] 
[info ] Phase1ReadTypescript.scala:171 Preprocessing TsHelperFile(InFile(/home/olvind/tmp/tso-cache/npm/node_modules/@storybook/api/dist/modules/versions.d.ts),FromFolder(InFolder(/home/olvind/tmp/tso-cache/npm/node_modules/@storybook/api),TsIdentLibraryScoped(storybook,Some(api))),TsIdentModule(Some(storybook),List(api, dist, modules, versions))) [id => @storybook/api, phase => typescript] 
[info ] InferredDefaultModule.scala:39 Inferred module TsIdentModule(Some(storybook),List(api, dist, modules, versions)) [id => @storybook/api, phase => typescript] 
[info ] Phase1ReadTypescript.scala:171 Preprocessing TsHelperFile(InFile(/home/olvind/tmp/tso-cache/npm/node_modules/@storybook/api/dist/store.d.ts),FromFolder(InFolder(/home/olvind/tmp/tso-cache/npm/node_modules/@storybook/api),TsIdentLibraryScoped(storybook,Some(api))),TsIdentModule(Some(storybook),List(api, dist, store))) [id => @storybook/api, phase => typescript] 
[info ] InferredDefaultModule.scala:39 Inferred module TsIdentModule(Some(storybook),List(api, dist, store)) [id => @storybook/api, phase => typescript] 
[warn ] Phase1ReadTypescript.scala:189 Processing TsIdentLibraryScoped(storybook,Some(api)) [id => @storybook/api, phase => typescript] 
[warn ] QualifyReferences.scala:32 Couldn't qualify imported_@storybook/api/dist/modules/layout.Layout [id => @storybook/api, phase => typescript, scope => TreeScope(TsParsedFile() / TsDeclModule(@storybook/api/dist) / TsDeclClass(ManagerProvider) / TsMemberFunction(getDerivedStateFromProps) / TsFunSig() / TsTypeObject() / TsMemberProperty(layout) / TsTypeRef())] 
[warn ] QualifyReferences.scala:32 Couldn't qualify imported_@storybook/api/dist/modules/layout.UI [id => @storybook/api, phase => typescript, scope => TreeScope(TsParsedFile() / TsDeclModule(@storybook/api/dist) / TsDeclClass(ManagerProvider) / TsMemberFunction(getDerivedStateFromProps) / TsFunSig() / TsTypeObject() / TsMemberProperty(ui) / TsTypeRef())] 
[warn ] QualifyReferences.scala:32 Couldn't qualify imported_@storybook/api/dist/modules/stories.StoriesHash [id => @storybook/api, phase => typescript, scope => TreeScope(TsParsedFile() / TsDeclModule(@storybook/api/dist) / TsDeclClass(ManagerProvider) / TsMemberFunction(getDerivedStateFromProps) / TsFunSig() / TsTypeObject() / TsMemberProperty(storiesHash) / TsTypeRef())] 
[warn ] QualifyReferences.scala:32 Couldn't qualify imported_@storybook/api/dist/modules/notifications.Notification [id => @storybook/api, phase => typescript, scope => TreeScope(TsParsedFile() / TsDeclModule(@storybook/api/dist) / TsDeclClass(ManagerProvider) / TsMemberFunction(getDerivedStateFromProps) / TsFunSig() / TsTypeObject() / TsMemberProperty(notifications) / TsTypeRef() / TsTypeRef())] 
[warn ] QualifyReferences.scala:32 Couldn't qualify imported_@storybook/api/dist/modules/versions.Version [id => @storybook/api, phase => typescript, scope => TreeScope(TsParsedFile() / TsDeclModule(@storybook/api/dist) / TsDeclClass(ManagerProvider) / TsMemberFunction(getDerivedStateFromProps) / TsFunSig() / TsTypeObject() / TsMemberProperty(versions) / TsTypeObject() / TsMemberProperty(latest) / TsTypeRef())] 
[warn ] QualifyReferences.scala:32 Couldn't qualify imported_@storybook/api/dist/modules/versions.Version [id => @storybook/api, phase => typescript, scope => TreeScope(TsParsedFile() / TsDeclModule(@storybook/api/dist) / TsDeclClass(ManagerProvider) / TsMemberFunction(getDerivedStateFromProps) / TsFunSig() / TsTypeObject() / TsMemberProperty(versions) / TsTypeObject() / TsMemberProperty(next) / TsTypeRef())] 
[warn ] QualifyReferences.scala:32 Couldn't qualify imported_@storybook/api/dist/modules/versions.Version [id => @storybook/api, phase => typescript, scope => TreeScope(TsParsedFile() / TsDeclModule(@storybook/api/dist) / TsDeclClass(ManagerProvider) / TsMemberFunction(getDerivedStateFromProps) / TsFunSig() / TsTypeObject() / TsMemberProperty(versions) / TsTypeObject() / TsMemberProperty(current) / TsTypeRef())] 
[warn ] QualifyReferences.scala:32 Couldn't qualify imported_@storybook/api/dist/modules/shortcuts.Shortcuts [id => @storybook/api, phase => typescript, scope => TreeScope(TsParsedFile() / TsDeclModule(@storybook/api/dist) / TsDeclClass(ManagerProvider) / TsMemberFunction(getDerivedStateFromProps) / TsFunSig() / TsTypeObject() / TsMemberProperty(shortcuts) / TsTypeRef())] 
[info ] ResolveTypeQueries.scala:139 Resolved TsTypeQuery(TsQIdent(List(TsIdentSimple(toId)))) [id => @storybook/api, phase => typescript, scope => TreeScope(TsParsedFile() / TsDeclModule(@storybook/api/dist/modules/stories) / TsExport() / TsExporteeTree() / TsDeclInterface(SubAPI) / TsMemberProperty(storyId) / TsTypeQuery())] 
[info ] UnionTypesFromKeyOf.scala:11 Expanded keyof TsQIdent(List(TsIdentLibraryScoped(storybook,Some(api)), TsIdentModule(Some(storybook),List(api, dist, modules, shortcuts)), TsIdentSimple(Shortcuts))) [id => @storybook/api, phase => typescript, scope => TreeScope(TsParsedFile() / TsDeclModule(@storybook/api/dist/modules/shortcuts) / TsDeclTypeAlias(Action) / TsTypeKeyOf())] 
[info ] ExtractInterfaces.scala:41 Extracted anonymous interface TsIdentSimple(Anon_Development) [id => @storybook/api, phase => typescript, scope => TreeScope(TsParsedFile() / TsDeclModule(@storybook/api/dist) / TsDeclTypeAlias(Module) / TsTypeIntersect() / TsTypeObject())] 
[info ] ExtractInterfaces.scala:41 Extracted anonymous interface TsIdentSimple(Anon_Current) [id => @storybook/api, phase => typescript, scope => TreeScope(TsParsedFile() / TsDeclModule(@storybook/api/dist) / TsDeclClass(Provider) / TsMemberFunction(getDerivedStateFromProps) / TsFunSig() / TsTypeObject() / TsMemberProperty(versions) / TsTypeObject())] 
[info ] ExtractInterfaces.scala:41 Extracted anonymous interface TsIdentSimple(Anon_CustomQueryParams) [id => @storybook/api, phase => typescript, scope => TreeScope(TsParsedFile() / TsDeclModule(@storybook/api/dist) / TsDeclClass(Provider) / TsMemberFunction(getDerivedStateFromProps) / TsFunSig() / TsTypeObject())] 
[info ] ExtractInterfaces.scala:41 Extracted anonymous interface TsIdentSimple(Anon_Api) [id => @storybook/api, phase => typescript, scope => TreeScope(TsParsedFile() / TsDeclModule(@storybook/api/dist/init-provider-api) / TsDeclFunction(default) / TsFunSig() / TsFunParam() / TsTypeObject())] 
[info ] ExtractInterfaces.scala:41 Extracted anonymous interface TsIdentSimple(Anon_SelectedPanel) [id => @storybook/api, phase => typescript, scope => TreeScope(TsParsedFile() / TsDeclModule(@storybook/api/dist/modules/addons) / TsDeclFunction(default) / TsFunSig() / TsTypeObject() / TsMemberProperty(state) / TsTypeObject())] 
[info ] ExtractInterfaces.scala:41 Extracted anonymous interface TsIdentSimple(Anon_ApiState) [id => @storybook/api, phase => typescript, scope => TreeScope(TsParsedFile() / TsDeclModule(@storybook/api/dist/modules/addons) / TsDeclFunction(default) / TsFunSig() / TsTypeObject())] 
[info ] ExtractInterfaces.scala:41 Extracted anonymous interface TsIdentSimple(Anon_ApiSubAPI) [id => @storybook/api, phase => typescript, scope => TreeScope(TsParsedFile() / TsDeclModule(@storybook/api/dist/modules/channel) / TsDeclFunction(default) / TsFunSig() / TsTypeObject())] 
[info ] ExtractInterfaces.scala:41 Extracted anonymous interface TsIdentSimple(Anon_Store) [id => @storybook/api, phase => typescript, scope => TreeScope(TsParsedFile() / TsDeclModule(@storybook/api/dist/modules/layout) / TsDeclFunction(default) / TsFunSig() / TsFunParam() / TsTypeObject())] 
[info ] ExtractInterfaces.scala:41 Extracted anonymous interface TsIdentSimple(Anon_ElementId) [id => @storybook/api, phase => typescript, scope => TreeScope(TsParsedFile() / TsDeclModule(@storybook/api/dist/modules/layout) / TsDeclFunction(default) / TsFunSig() / TsTypeObject() / TsMemberProperty(api) / TsTypeObject())] 
[info ] ExtractInterfaces.scala:41 Extracted anonymous interface TsIdentSimple(Anon_ApiStateAnonElementId) [id => @storybook/api, phase => typescript, scope => TreeScope(TsParsedFile() / TsDeclModule(@storybook/api/dist/modules/layout) / TsDeclFunction(default) / TsFunSig() / TsTypeObject())] 
[info ] ExtractInterfaces.scala:41 Extracted anonymous interface TsIdentSimple(Anon_AddNotification) [id => @storybook/api, phase => typescript, scope => TreeScope(TsParsedFile() / TsDeclModule(@storybook/api/dist/modules/notifications) / TsDeclFunction(default) / TsFunSig() / TsTypeObject() / TsMemberProperty(api) / TsTypeObject())] 
[info ] ExtractInterfaces.scala:41 Extracted anonymous interface TsIdentSimple(Anon_ApiStateAnonAddNotification) [id => @storybook/api, phase => typescript, scope => TreeScope(TsParsedFile() / TsDeclModule(@storybook/api/dist/modules/notifications) / TsDeclFunction(default) / TsFunSig() / TsTypeObject())] 
[info ] ExtractInterfaces.scala:41 Extracted anonymous interface TsIdentSimple(Anon_AddEventListener) [id => @storybook/api, phase => typescript, scope => TreeScope(TsParsedFile() / TsDeclModule(@storybook/api/dist/modules/shortcuts) / TsDeclInterface(Event) / TsMemberProperty(target) / TsTypeObject())] 
[info ] ExtractInterfaces.scala:41 Extracted anonymous interface TsIdentSimple(Anon_ApiHasApi) [id => @storybook/api, phase => typescript, scope => TreeScope(TsParsedFile() / TsDeclModule(@storybook/api/dist/modules/shortcuts) / TsDeclFunction(default) / TsFunSig() / TsTypeObject())] 
[info ] ExtractInterfaces.scala:41 Extracted anonymous interface TsIdentSimple(Anon_Direction) [id => @storybook/api, phase => typescript, scope => TreeScope(TsParsedFile() / TsDeclModule(@storybook/api/dist/modules/stories) / TsDeclFunction(default) / TsFunSig() / TsTypeObject() / TsMemberProperty(api) / TsTypeObject())] 
[info ] ExtractInterfaces.scala:41 Extracted anonymous interface TsIdentSimple(Anon_StoriesConfigured) [id => @storybook/api, phase => typescript, scope => TreeScope(TsParsedFile() / TsDeclModule(@storybook/api/dist/modules/stories) / TsDeclFunction(default) / TsFunSig() / TsTypeObject() / TsMemberProperty(state) / TsTypeObject())] 
[info ] ExtractInterfaces.scala:41 Extracted anonymous interface TsIdentSimple(Anon_ApiStateAnonDirection) [id => @storybook/api, phase => typescript, scope => TreeScope(TsParsedFile() / TsDeclModule(@storybook/api/dist/modules/stories) / TsDeclFunction(default) / TsFunSig() / TsTypeObject())] 
[info ] ExtractInterfaces.scala:41 Extracted anonymous interface TsIdentSimple(Anon_HierarchyRootSeparator) [id => @storybook/api, phase => typescript, scope => TreeScope(TsParsedFile() / TsDeclModule(@storybook/api/dist/modules/stories) / TsDeclInterface(StoryInput) / TsMemberProperty(parameters) / TsTypeObject() / TsMemberProperty(options) / TsTypeObject())] 
[info ] ExtractInterfaces.scala:41 Extracted anonymous interface TsIdentSimple(Anon_Filename) [id => @storybook/api, phase => typescript, scope => TreeScope(TsParsedFile() / TsDeclModule(@storybook/api/dist/modules/stories) / TsDeclInterface(StoryInput) / TsMemberProperty(parameters) / TsTypeObject())] 
[info ] ExtractInterfaces.scala:41 Extracted anonymous interface TsIdentSimple(Anon_Path) [id => @storybook/api, phase => typescript, scope => TreeScope(TsParsedFile() / TsDeclModule(@storybook/api/dist/modules/url) / TsDeclInterface(SubAPI) / TsMemberFunction(getUrlState) / TsFunSig() / TsTypeObject())] 
[info ] ExtractInterfaces.scala:41 Extracted anonymous interface TsIdentSimple(Anon_CustomQueryParamsKey) [id => @storybook/api, phase => typescript, scope => TreeScope(TsParsedFile() / TsDeclModule(@storybook/api/dist/modules/url) / TsDeclFunction(default) / TsFunSig() / TsTypeObject() / TsMemberProperty(state) / TsTypeObject())] 
[info ] ExtractInterfaces.scala:41 Extracted anonymous interface TsIdentSimple(Anon_ApiStateAnonCustomQueryParamsKey) [id => @storybook/api, phase => typescript, scope => TreeScope(TsParsedFile() / TsDeclModule(@storybook/api/dist/modules/url) / TsDeclFunction(default) / TsFunSig() / TsTypeObject())] 
[info ] ExtractInterfaces.scala:41 Extracted anonymous interface TsIdentSimple(Anon_CurrentKey) [id => @storybook/api, phase => typescript, scope => TreeScope(TsParsedFile() / TsDeclModule(@storybook/api/dist/modules/versions) / TsDeclInterface(SubState) / TsMemberProperty(versions) / TsTypeObject())] 
[info ] ExtractInterfaces.scala:41 Extracted anonymous interface TsIdentSimple(Anon_Info) [id => @storybook/api, phase => typescript, scope => TreeScope(TsParsedFile() / TsDeclModule(@storybook/api/dist/modules/versions) / TsDeclFunction(default) / TsFunSig() / TsTypeObject() / TsMemberProperty(state) / TsTypeObject() / TsMemberProperty(versions) / TsTypeObject() / TsMemberProperty(current) / TsTypeObject())] 
[info ] ExtractInterfaces.scala:41 Extracted anonymous interface TsIdentSimple(Anon_CurrentLatest) [id => @storybook/api, phase => typescript, scope => TreeScope(TsParsedFile() / TsDeclModule(@storybook/api/dist/modules/versions) / TsDeclFunction(default) / TsFunSig() / TsTypeObject() / TsMemberProperty(state) / TsTypeObject() / TsMemberProperty(versions) / TsTypeObject())] 
[info ] ExtractInterfaces.scala:41 Extracted anonymous interface TsIdentSimple(Anon_DismissedVersionNotification) [id => @storybook/api, phase => typescript, scope => TreeScope(TsParsedFile() / TsDeclModule(@storybook/api/dist/modules/versions) / TsDeclFunction(default) / TsFunSig() / TsTypeObject() / TsMemberProperty(state) / TsTypeObject())] 
[info ] ExtractInterfaces.scala:41 Extracted anonymous interface TsIdentSimple(Anon_ApiHasApiInit) [id => @storybook/api, phase => typescript, scope => TreeScope(TsParsedFile() / TsDeclModule(@storybook/api/dist/modules/versions) / TsDeclFunction(default) / TsFunSig() / TsTypeObject())] 
[debug] PhaseRunner.scala:84 Success [id => @storybook/api, phase => typescript] 
[warn ] Phase2ToScalaJs.scala:42 Processing @storybook/api [id => @storybook/api, phase => scala.js] 
[info ] ImportType.scala:237 Failed type conversion: @storybook/api.@storybook/api/dist/modules/stories.Story['parameters'] [id => @storybook/api, phase => scala.js, scope => TreeScope(TsParsedFile() / TsDeclModule(@storybook/api/dist/modules/stories) / TsDeclInterface(SubAPI) / TsMemberFunction(getParameters) / TsTypeUnion() / TsTypeLookup())] 
[info ] ImportType.scala:237 Failed type conversion: @storybook/api.@storybook/api/dist/modules/stories.Story['parameters'] [id => @storybook/api, phase => scala.js, scope => TreeScope(TsParsedFile() / TsDeclModule(@storybook/api/dist/modules/stories) / TsDeclInterface(SubAPI) / TsMemberFunction(getParameters) / TsTypeUnion() / TsTypeLookup())] 
[debug] PhaseRunner.scala:84 Success [id => @storybook/api, phase => scala.js] 
[warn ] Phase3Compile.scala:206 Building storybook__api... [id => @storybook/api, phase => build] 
[error] Phase3Compile.scala:225 [E] [E2] src/main/scala/typings/atStorybookApiLib/distStoreMod/package.scala:13:8
[E]      illegal cyclic reference involving type Partial
[E]      L13:   type Patch = stdLib.Partial[atStorybookApiLib.distMod.State]
[E]                  ^
[E] [E1] src/main/scala/typings/atStorybookApiLib/distStoreMod/package.scala:12:21
[E]      illegal cyclic reference involving type Partial
[E]      L12:   type InputPatch = Patch | InputFnPatch
[E]                               ^
[E] src/main/scala/typings/atStorybookApiLib/distStoreMod/package.scala: L12 [E1], L13 [E2]
[E] Failed to compile 'storybook__api'
 [id => @storybook/api, phase => build] 
[error] PhaseRunner.scala:88 Failure, [@storybook/api => Compilation failed] [id => @storybook/api, phase => build] 
