[info ] InferredDependency.scala:22 Inferred dependencies Set(TsIdentLibrarySimple(react)) for TsIdentLibraryScoped(wordpress,Some(element)) [id => @wordpress/element, phase => typescript, file => ../types/wordpress__element/index.d.ts] 
[debug] PhaseRunner.scala:84 Success [id => @wordpress/element, phase => typescript] 
[info ] Phase1ReadTypescript.scala:171 Preprocessing TsHelperFile(InFile(/home/olvind/tmp/tso-cache/DefinitelyTyped/types/wordpress__element/index.d.ts),FromFolder(InFolder(/home/olvind/tmp/tso-cache/DefinitelyTyped/types/wordpress__element),TsIdentLibraryScoped(wordpress,Some(element))),TsIdentModule(Some(wordpress),List(element))) [id => @wordpress/element, phase => typescript] 
[info ] InferredDefaultModule.scala:39 Inferred module TsIdentModule(Some(wordpress),List(element)) [id => @wordpress/element, phase => typescript] 
[warn ] Phase1ReadTypescript.scala:189 Processing TsIdentLibraryScoped(wordpress,Some(element)) [id => @wordpress/element, phase => typescript] 
[warn ] QualifyReferences.scala:32 Couldn't qualify HTMLProps<HTMLDivElement> [id => @wordpress/element, phase => typescript, scope => TreeScope(TsParsedFile() / TsDeclModule(@wordpress/element) / TsGlobal() / TsDeclNamespace(React) / TsDeclFunction(RawHTML) / TsFunSig() / TsFunParam() / TsTypeIntersect() / TsTypeRef())] 
[warn ] QualifyReferences.scala:32 Couldn't qualify ReactNode [id => @wordpress/element, phase => typescript, scope => TreeScope(TsParsedFile() / TsDeclModule(@wordpress/element) / TsGlobal() / TsDeclNamespace(React) / TsDeclFunction(isEmptyElement) / TsFunSig() / TsFunParam() / TsTypeRef())] 
[warn ] QualifyReferences.scala:32 Couldn't qualify ReactNode [id => @wordpress/element, phase => typescript, scope => TreeScope(TsParsedFile() / TsDeclModule(@wordpress/element) / TsGlobal() / TsDeclNamespace(React) / TsDeclFunction(renderToString) / TsFunSig() / TsFunParam() / TsTypeRef())] 
[info ] ResolveTypeQueries.scala:139 Resolved TsTypeQuery(TsQIdent(List(TsIdentSimple(RD), TsIdentSimple(createPortal)))) [id => @wordpress/element, phase => typescript, scope => TreeScope(TsParsedFile() / TsDeclModule(@wordpress/element) / TsGlobal() / TsDeclNamespace(React) / TsDeclVar(createPortal) / TsTypeQuery())] 
[info ] ResolveTypeQueries.scala:139 Resolved TsTypeQuery(TsQIdent(List(TsIdentSimple(RD), TsIdentSimple(findDOMNode)))) [id => @wordpress/element, phase => typescript, scope => TreeScope(TsParsedFile() / TsDeclModule(@wordpress/element) / TsGlobal() / TsDeclNamespace(React) / TsDeclVar(findDOMNode) / TsTypeQuery())] 
[info ] ResolveTypeQueries.scala:139 Resolved TsTypeQuery(TsQIdent(List(TsIdentSimple(RD), TsIdentSimple(render)))) [id => @wordpress/element, phase => typescript, scope => TreeScope(TsParsedFile() / TsDeclModule(@wordpress/element) / TsGlobal() / TsDeclNamespace(React) / TsDeclVar(render) / TsTypeQuery())] 
[info ] ResolveTypeQueries.scala:139 Resolved TsTypeQuery(TsQIdent(List(TsIdentSimple(RD), TsIdentSimple(unmountComponentAtNode)))) [id => @wordpress/element, phase => typescript, scope => TreeScope(TsParsedFile() / TsDeclModule(@wordpress/element) / TsGlobal() / TsDeclNamespace(React) / TsDeclVar(unmountComponentAtNode) / TsTypeQuery())] 
[info ] ExtractInterfaces.scala:41 Extracted anonymous interface TsIdentSimple(Anon_Children) [id => @wordpress/element, phase => typescript, scope => TreeScope(TsParsedFile() / TsDeclModule(@wordpress/element) / TsGlobal() / TsDeclNamespace(React) / TsDeclFunction(RawHTML) / TsFunSig() / TsFunParam() / TsTypeIntersect() / TsTypeObject())] 
[info ] ExtractInterfaces.scala:41 Extracted anonymous interface TsIdentSimple(Anon_Children) [id => @wordpress/element, phase => typescript, scope => TreeScope(TsParsedFile() / TsDeclModule(@wordpress/element) / TsDeclFunction(RawHTML) / TsFunSig() / TsFunParam() / TsTypeIntersect() / TsTypeObject())] 
[debug] PhaseRunner.scala:84 Success [id => @wordpress/element, phase => typescript] 
[warn ] Phase2ToScalaJs.scala:42 Processing @wordpress/element [id => @wordpress/element, phase => scala.js] 
[debug] PhaseRunner.scala:84 Success [id => @wordpress/element, phase => scala.js] 
[warn ] Phase3Compile.scala:206 Building wordpress__element... [id => @wordpress/element, phase => build] 
[error] Phase3Compile.scala:225 [E] Unexpected error when compiling wordpress__element: 'key not found: object Global'
[E] Failed to compile 'wordpress__element'
 [id => @wordpress/element, phase => build] 
[error] PhaseRunner.scala:88 Failure, [@wordpress/element => Compilation failed] [id => @wordpress/element, phase => build] 
